[2018-03-12 17:26:50] local.ERROR: PDOException: could not find driver in /home/slavo/Code/CodeTutor/vendor/doctrine/dbal/lib/Doctrine/DBAL/Driver/PDOConnection.php:43
Stack trace:
#0 /home/slavo/Code/CodeTutor/vendor/doctrine/dbal/lib/Doctrine/DBAL/Driver/PDOConnection.php(43): PDO->__construct('pgsql:host=post...', 'default', 'secret', Array)
#1 /home/slavo/Code/CodeTutor/vendor/laravel/framework/src/Illuminate/Database/Connectors/Connector.php(65): Doctrine\DBAL\Driver\PDOConnection->__construct('pgsql:host=post...', 'default', 'secret', Array)
#2 /home/slavo/Code/CodeTutor/vendor/laravel/framework/src/Illuminate/Database/Connectors/Connector.php(44): Illuminate\Database\Connectors\Connector->createPdoConnection('pgsql:host=post...', 'default', 'secret', Array)
#3 /home/slavo/Code/CodeTutor/vendor/laravel/framework/src/Illuminate/Database/Connectors/PostgresConnector.php(33): Illuminate\Database\Connectors\Connector->createConnection('pgsql:host=post...', Array, Array)
#4 /home/slavo/Code/CodeTutor/vendor/laravel/framework/src/Illuminate/Database/Connectors/ConnectionFactory.php(183): Illuminate\Database\Connectors\PostgresConnector->connect(Array)
#5 [internal function]: Illuminate\Database\Connectors\ConnectionFactory->Illuminate\Database\Connectors\{closure}()
#6 /home/slavo/Code/CodeTutor/vendor/laravel/framework/src/Illuminate/Database/Connection.php(883): call_user_func(Object(Closure))
#7 /home/slavo/Code/CodeTutor/vendor/laravel/framework/src/Illuminate/Database/Connection.php(904): Illuminate\Database\Connection->getPdo()
#8 /home/slavo/Code/CodeTutor/vendor/laravel/framework/src/Illuminate/Database/Connection.php(392): Illuminate\Database\Connection->getReadPdo()
#9 /home/slavo/Code/CodeTutor/vendor/laravel/framework/src/Illuminate/Database/Connection.php(318): Illuminate\Database\Connection->getPdoForSelect(true)
#10 /home/slavo/Code/CodeTutor/vendor/laravel/framework/src/Illuminate/Database/Connection.php(640): Illuminate\Database\Connection->Illuminate\Database\{closure}('select * from "...', Array)
#11 /home/slavo/Code/CodeTutor/vendor/laravel/framework/src/Illuminate/Database/Connection.php(607): Illuminate\Database\Connection->runQueryCallback('select * from "...', Array, Object(Closure))
#12 /home/slavo/Code/CodeTutor/vendor/laravel/framework/src/Illuminate/Database/Connection.php(326): Illuminate\Database\Connection->run('select * from "...', Array, Object(Closure))
#13 /home/slavo/Code/CodeTutor/vendor/laravel/framework/src/Illuminate/Database/Query/Builder.php(1710): Illuminate\Database\Connection->select('select * from "...', Array, true)
#14 /home/slavo/Code/CodeTutor/vendor/laravel/framework/src/Illuminate/Database/Query/Builder.php(1695): Illuminate\Database\Query\Builder->runSelect()
#15 /home/slavo/Code/CodeTutor/vendor/laravel/framework/src/Illuminate/Database/Eloquent/Builder.php(462): Illuminate\Database\Query\Builder->get(Array)
#16 /home/slavo/Code/CodeTutor/vendor/laravel/framework/src/Illuminate/Database/Eloquent/Builder.php(446): Illuminate\Database\Eloquent\Builder->getModels(Array)
#17 /home/slavo/Code/CodeTutor/vendor/laravel/framework/src/Illuminate/Database/Concerns/BuildsQueries.php(75): Illuminate\Database\Eloquent\Builder->get(Array)
#18 /home/slavo/Code/CodeTutor/vendor/laravel/framework/src/Illuminate/Auth/EloquentUserProvider.php(114): Illuminate\Database\Eloquent\Builder->first()
#19 /home/slavo/Code/CodeTutor/vendor/laravel/framework/src/Illuminate/Auth/SessionGuard.php(352): Illuminate\Auth\EloquentUserProvider->retrieveByCredentials(Array)
#20 /home/slavo/Code/CodeTutor/vendor/laravel/framework/src/Illuminate/Foundation/Auth/AuthenticatesUsers.php(76): Illuminate\Auth\SessionGuard->attempt(Array, false)
#21 /home/slavo/Code/CodeTutor/vendor/laravel/framework/src/Illuminate/Foundation/Auth/AuthenticatesUsers.php(41): App\Http\Controllers\Auth\LoginController->attemptLogin(Object(Illuminate\Http\Request))
#22 [internal function]: App\Http\Controllers\Auth\LoginController->login(Object(Illuminate\Http\Request))
#23 /home/slavo/Code/CodeTutor/vendor/laravel/framework/src/Illuminate/Routing/Controller.php(55): call_user_func_array(Array, Array)
#24 /home/slavo/Code/CodeTutor/vendor/laravel/framework/src/Illuminate/Routing/ControllerDispatcher.php(44): Illuminate\Routing\Controller->callAction('login', Array)
#25 /home/slavo/Code/CodeTutor/vendor/laravel/framework/src/Illuminate/Routing/Route.php(203): Illuminate\Routing\ControllerDispatcher->dispatch(Object(Illuminate\Routing\Route), Object(App\Http\Controllers\Auth\LoginController), 'login')
#26 /home/slavo/Code/CodeTutor/vendor/laravel/framework/src/Illuminate/Routing/Route.php(160): Illuminate\Routing\Route->runController()
#27 /home/slavo/Code/CodeTutor/vendor/laravel/framework/src/Illuminate/Routing/Router.php(574): Illuminate\Routing\Route->run()
#28 /home/slavo/Code/CodeTutor/vendor/laravel/framework/src/Illuminate/Routing/Pipeline.php(30): Illuminate\Routing\Router->Illuminate\Routing\{closure}(Object(Illuminate\Http\Request))
#29 /home/slavo/Code/CodeTutor/app/Http/Middleware/RedirectIfAuthenticated.php(25): Illuminate\Routing\Pipeline->Illuminate\Routing\{closure}(Object(Illuminate\Http\Request))
#30 /home/slavo/Code/CodeTutor/vendor/laravel/framework/src/Illuminate/Pipeline/Pipeline.php(148): App\Http\Middleware\RedirectIfAuthenticated->handle(Object(Illuminate\Http\Request), Object(Closure))
#31 /home/slavo/Code/CodeTutor/vendor/laravel/framework/src/Illuminate/Routing/Pipeline.php(53): Illuminate\Pipeline\Pipeline->Illuminate\Pipeline\{closure}(Object(Illuminate\Http\Request))
#32 /home/slavo/Code/CodeTutor/vendor/laravel/framework/src/Illuminate/Routing/Middleware/SubstituteBindings.php(41): Illuminate\Routing\Pipeline->Illuminate\Routing\{closure}(Object(Illuminate\Http\Request))
#33 /home/slavo/Code/CodeTutor/vendor/laravel/framework/src/Illuminate/Pipeline/Pipeline.php(148): Illuminate\Routing\Middleware\SubstituteBindings->handle(Object(Illuminate\Http\Request), Object(Closure))
#34 /home/slavo/Code/CodeTutor/vendor/laravel/framework/src/Illuminate/Routing/Pipeline.php(53): Illuminate\Pipeline\Pipeline->Illuminate\Pipeline\{closure}(Object(Illuminate\Http\Request))
#35 /home/slavo/Code/CodeTutor/vendor/laravel/framework/src/Illuminate/Foundation/Http/Middleware/VerifyCsrfToken.php(65): Illuminate\Routing\Pipeline->Illuminate\Routing\{closure}(Object(Illuminate\Http\Request))
#36 /home/slavo/Code/CodeTutor/vendor/laravel/framework/src/Illuminate/Pipeline/Pipeline.php(148): Illuminate\Foundation\Http\Middleware\VerifyCsrfToken->handle(Object(Illuminate\Http\Request), Object(Closure))
#37 /home/slavo/Code/CodeTutor/vendor/laravel/framework/src/Illuminate/Routing/Pipeline.php(53): Illuminate\Pipeline\Pipeline->Illuminate\Pipeline\{closure}(Object(Illuminate\Http\Request))
#38 /home/slavo/Code/CodeTutor/vendor/laravel/framework/src/Illuminate/View/Middleware/ShareErrorsFromSession.php(49): Illuminate\Routing\Pipeline->Illuminate\Routing\{closure}(Object(Illuminate\Http\Request))
#39 /home/slavo/Code/CodeTutor/vendor/laravel/framework/src/Illuminate/Pipeline/Pipeline.php(148): Illuminate\View\Middleware\ShareErrorsFromSession->handle(Object(Illuminate\Http\Request), Object(Closure))
#40 /home/slavo/Code/CodeTutor/vendor/laravel/framework/src/Illuminate/Routing/Pipeline.php(53): Illuminate\Pipeline\Pipeline->Illuminate\Pipeline\{closure}(Object(Illuminate\Http\Request))
#41 /home/slavo/Code/CodeTutor/vendor/laravel/framework/src/Illuminate/Session/Middleware/StartSession.php(64): Illuminate\Routing\Pipeline->Illuminate\Routing\{closure}(Object(Illuminate\Http\Request))
#42 /home/slavo/Code/CodeTutor/vendor/laravel/framework/src/Illuminate/Pipeline/Pipeline.php(148): Illuminate\Session\Middleware\StartSession->handle(Object(Illuminate\Http\Request), Object(Closure))
#43 /home/slavo/Code/CodeTutor/vendor/laravel/framework/src/Illuminate/Routing/Pipeline.php(53): Illuminate\Pipeline\Pipeline->Illuminate\Pipeline\{closure}(Object(Illuminate\Http\Request))
#44 /home/slavo/Code/CodeTutor/vendor/laravel/framework/src/Illuminate/Cookie/Middleware/AddQueuedCookiesToResponse.php(37): Illuminate\Routing\Pipeline->Illuminate\Routing\{closure}(Object(Illuminate\Http\Request))
#45 /home/slavo/Code/CodeTutor/vendor/laravel/framework/src/Illuminate/Pipeline/Pipeline.php(148): Illuminate\Cookie\Middleware\AddQueuedCookiesToResponse->handle(Object(Illuminate\Http\Request), Object(Closure))
#46 /home/slavo/Code/CodeTutor/vendor/laravel/framework/src/Illuminate/Routing/Pipeline.php(53): Illuminate\Pipeline\Pipeline->Illuminate\Pipeline\{closure}(Object(Illuminate\Http\Request))
#47 /home/slavo/Code/CodeTutor/vendor/laravel/framework/src/Illuminate/Cookie/Middleware/EncryptCookies.php(59): Illuminate\Routing\Pipeline->Illuminate\Routing\{closure}(Object(Illuminate\Http\Request))
#48 /home/slavo/Code/CodeTutor/vendor/laravel/framework/src/Illuminate/Pipeline/Pipeline.php(148): Illuminate\Cookie\Middleware\EncryptCookies->handle(Object(Illuminate\Http\Request), Object(Closure))
#49 /home/slavo/Code/CodeTutor/vendor/laravel/framework/src/Illuminate/Routing/Pipeline.php(53): Illuminate\Pipeline\Pipeline->Illuminate\Pipeline\{closure}(Object(Illuminate\Http\Request))
#50 /home/slavo/Code/CodeTutor/vendor/laravel/framework/src/Illuminate/Pipeline/Pipeline.php(102): Illuminate\Routing\Pipeline->Illuminate\Routing\{closure}(Object(Illuminate\Http\Request))
#51 /home/slavo/Code/CodeTutor/vendor/laravel/framework/src/Illuminate/Routing/Router.php(576): Illuminate\Pipeline\Pipeline->then(Object(Closure))
#52 /home/slavo/Code/CodeTutor/vendor/laravel/framework/src/Illuminate/Routing/Router.php(535): Illuminate\Routing\Router->runRouteWithinStack(Object(Illuminate\Routing\Route), Object(Illuminate\Http\Request))
#53 /home/slavo/Code/CodeTutor/vendor/laravel/framework/src/Illuminate/Routing/Router.php(513): Illuminate\Routing\Router->dispatchToRoute(Object(Illuminate\Http\Request))
#54 /home/slavo/Code/CodeTutor/vendor/laravel/framework/src/Illuminate/Foundation/Http/Kernel.php(176): Illuminate\Routing\Router->dispatch(Object(Illuminate\Http\Request))
#55 /home/slavo/Code/CodeTutor/vendor/laravel/framework/src/Illuminate/Routing/Pipeline.php(30): Illuminate\Foundation\Http\Kernel->Illuminate\Foundation\Http\{closure}(Object(Illuminate\Http\Request))
#56 /home/slavo/Code/CodeTutor/vendor/laravel/framework/src/Illuminate/Foundation/Http/Middleware/CheckForMaintenanceMode.php(46): Illuminate\Routing\Pipeline->Illuminate\Routing\{closure}(Object(Illuminate\Http\Request))
#57 /home/slavo/Code/CodeTutor/vendor/laravel/framework/src/Illuminate/Pipeline/Pipeline.php(148): Illuminate\Foundation\Http\Middleware\CheckForMaintenanceMode->handle(Object(Illuminate\Http\Request), Object(Closure))
#58 /home/slavo/Code/CodeTutor/vendor/laravel/framework/src/Illuminate/Routing/Pipeline.php(53): Illuminate\Pipeline\Pipeline->Illuminate\Pipeline\{closure}(Object(Illuminate\Http\Request))
#59 /home/slavo/Code/CodeTutor/vendor/laravel/framework/src/Illuminate/Pipeline/Pipeline.php(102): Illuminate\Routing\Pipeline->Illuminate\Routing\{closure}(Object(Illuminate\Http\Request))
#60 /home/slavo/Code/CodeTutor/vendor/laravel/framework/src/Illuminate/Foundation/Http/Kernel.php(151): Illuminate\Pipeline\Pipeline->then(Object(Closure))
#61 /home/slavo/Code/CodeTutor/vendor/laravel/framework/src/Illuminate/Foundation/Http/Kernel.php(116): Illuminate\Foundation\Http\Kernel->sendRequestThroughRouter(Object(Illuminate\Http\Request))
#62 /home/slavo/Code/CodeTutor/public/index.php(53): Illuminate\Foundation\Http\Kernel->handle(Object(Illuminate\Http\Request))
#63 /home/slavo/.config/composer/vendor/cpriego/valet-linux/server.php(204): require('/home/slavo/Cod...')
#64 {main}

Next Doctrine\DBAL\Driver\PDOException: could not find driver in /home/slavo/Code/CodeTutor/vendor/doctrine/dbal/lib/Doctrine/DBAL/Driver/PDOConnection.php:47
Stack trace:
#0 /home/slavo/Code/CodeTutor/vendor/laravel/framework/src/Illuminate/Database/Connectors/Connector.php(65): Doctrine\DBAL\Driver\PDOConnection->__construct('pgsql:host=post...', 'default', 'secret', Array)
#1 /home/slavo/Code/CodeTutor/vendor/laravel/framework/src/Illuminate/Database/Connectors/Connector.php(44): Illuminate\Database\Connectors\Connector->createPdoConnection('pgsql:host=post...', 'default', 'secret', Array)
#2 /home/slavo/Code/CodeTutor/vendor/laravel/framework/src/Illuminate/Database/Connectors/PostgresConnector.php(33): Illuminate\Database\Connectors\Connector->createConnection('pgsql:host=post...', Array, Array)
#3 /home/slavo/Code/CodeTutor/vendor/laravel/framework/src/Illuminate/Database/Connectors/ConnectionFactory.php(183): Illuminate\Database\Connectors\PostgresConnector->connect(Array)
#4 [internal function]: Illuminate\Database\Connectors\ConnectionFactory->Illuminate\Database\Connectors\{closure}()
#5 /home/slavo/Code/CodeTutor/vendor/laravel/framework/src/Illuminate/Database/Connection.php(883): call_user_func(Object(Closure))
#6 /home/slavo/Code/CodeTutor/vendor/laravel/framework/src/Illuminate/Database/Connection.php(904): Illuminate\Database\Connection->getPdo()
#7 /home/slavo/Code/CodeTutor/vendor/laravel/framework/src/Illuminate/Database/Connection.php(392): Illuminate\Database\Connection->getReadPdo()
#8 /home/slavo/Code/CodeTutor/vendor/laravel/framework/src/Illuminate/Database/Connection.php(318): Illuminate\Database\Connection->getPdoForSelect(true)
#9 /home/slavo/Code/CodeTutor/vendor/laravel/framework/src/Illuminate/Database/Connection.php(640): Illuminate\Database\Connection->Illuminate\Database\{closure}('select * from "...', Array)
#10 /home/slavo/Code/CodeTutor/vendor/laravel/framework/src/Illuminate/Database/Connection.php(607): Illuminate\Database\Connection->runQueryCallback('select * from "...', Array, Object(Closure))
#11 /home/slavo/Code/CodeTutor/vendor/laravel/framework/src/Illuminate/Database/Connection.php(326): Illuminate\Database\Connection->run('select * from "...', Array, Object(Closure))
#12 /home/slavo/Code/CodeTutor/vendor/laravel/framework/src/Illuminate/Database/Query/Builder.php(1710): Illuminate\Database\Connection->select('select * from "...', Array, true)
#13 /home/slavo/Code/CodeTutor/vendor/laravel/framework/src/Illuminate/Database/Query/Builder.php(1695): Illuminate\Database\Query\Builder->runSelect()
#14 /home/slavo/Code/CodeTutor/vendor/laravel/framework/src/Illuminate/Database/Eloquent/Builder.php(462): Illuminate\Database\Query\Builder->get(Array)
#15 /home/slavo/Code/CodeTutor/vendor/laravel/framework/src/Illuminate/Database/Eloquent/Builder.php(446): Illuminate\Database\Eloquent\Builder->getModels(Array)
#16 /home/slavo/Code/CodeTutor/vendor/laravel/framework/src/Illuminate/Database/Concerns/BuildsQueries.php(75): Illuminate\Database\Eloquent\Builder->get(Array)
#17 /home/slavo/Code/CodeTutor/vendor/laravel/framework/src/Illuminate/Auth/EloquentUserProvider.php(114): Illuminate\Database\Eloquent\Builder->first()
#18 /home/slavo/Code/CodeTutor/vendor/laravel/framework/src/Illuminate/Auth/SessionGuard.php(352): Illuminate\Auth\EloquentUserProvider->retrieveByCredentials(Array)
#19 /home/slavo/Code/CodeTutor/vendor/laravel/framework/src/Illuminate/Foundation/Auth/AuthenticatesUsers.php(76): Illuminate\Auth\SessionGuard->attempt(Array, false)
#20 /home/slavo/Code/CodeTutor/vendor/laravel/framework/src/Illuminate/Foundation/Auth/AuthenticatesUsers.php(41): App\Http\Controllers\Auth\LoginController->attemptLogin(Object(Illuminate\Http\Request))
#21 [internal function]: App\Http\Controllers\Auth\LoginController->login(Object(Illuminate\Http\Request))
#22 /home/slavo/Code/CodeTutor/vendor/laravel/framework/src/Illuminate/Routing/Controller.php(55): call_user_func_array(Array, Array)
#23 /home/slavo/Code/CodeTutor/vendor/laravel/framework/src/Illuminate/Routing/ControllerDispatcher.php(44): Illuminate\Routing\Controller->callAction('login', Array)
#24 /home/slavo/Code/CodeTutor/vendor/laravel/framework/src/Illuminate/Routing/Route.php(203): Illuminate\Routing\ControllerDispatcher->dispatch(Object(Illuminate\Routing\Route), Object(App\Http\Controllers\Auth\LoginController), 'login')
#25 /home/slavo/Code/CodeTutor/vendor/laravel/framework/src/Illuminate/Routing/Route.php(160): Illuminate\Routing\Route->runController()
#26 /home/slavo/Code/CodeTutor/vendor/laravel/framework/src/Illuminate/Routing/Router.php(574): Illuminate\Routing\Route->run()
#27 /home/slavo/Code/CodeTutor/vendor/laravel/framework/src/Illuminate/Routing/Pipeline.php(30): Illuminate\Routing\Router->Illuminate\Routing\{closure}(Object(Illuminate\Http\Request))
#28 /home/slavo/Code/CodeTutor/app/Http/Middleware/RedirectIfAuthenticated.php(25): Illuminate\Routing\Pipeline->Illuminate\Routing\{closure}(Object(Illuminate\Http\Request))
#29 /home/slavo/Code/CodeTutor/vendor/laravel/framework/src/Illuminate/Pipeline/Pipeline.php(148): App\Http\Middleware\RedirectIfAuthenticated->handle(Object(Illuminate\Http\Request), Object(Closure))
#30 /home/slavo/Code/CodeTutor/vendor/laravel/framework/src/Illuminate/Routing/Pipeline.php(53): Illuminate\Pipeline\Pipeline->Illuminate\Pipeline\{closure}(Object(Illuminate\Http\Request))
#31 /home/slavo/Code/CodeTutor/vendor/laravel/framework/src/Illuminate/Routing/Middleware/SubstituteBindings.php(41): Illuminate\Routing\Pipeline->Illuminate\Routing\{closure}(Object(Illuminate\Http\Request))
#32 /home/slavo/Code/CodeTutor/vendor/laravel/framework/src/Illuminate/Pipeline/Pipeline.php(148): Illuminate\Routing\Middleware\SubstituteBindings->handle(Object(Illuminate\Http\Request), Object(Closure))
#33 /home/slavo/Code/CodeTutor/vendor/laravel/framework/src/Illuminate/Routing/Pipeline.php(53): Illuminate\Pipeline\Pipeline->Illuminate\Pipeline\{closure}(Object(Illuminate\Http\Request))
#34 /home/slavo/Code/CodeTutor/vendor/laravel/framework/src/Illuminate/Foundation/Http/Middleware/VerifyCsrfToken.php(65): Illuminate\Routing\Pipeline->Illuminate\Routing\{closure}(Object(Illuminate\Http\Request))
#35 /home/slavo/Code/CodeTutor/vendor/laravel/framework/src/Illuminate/Pipeline/Pipeline.php(148): Illuminate\Foundation\Http\Middleware\VerifyCsrfToken->handle(Object(Illuminate\Http\Request), Object(Closure))
#36 /home/slavo/Code/CodeTutor/vendor/laravel/framework/src/Illuminate/Routing/Pipeline.php(53): Illuminate\Pipeline\Pipeline->Illuminate\Pipeline\{closure}(Object(Illuminate\Http\Request))
#37 /home/slavo/Code/CodeTutor/vendor/laravel/framework/src/Illuminate/View/Middleware/ShareErrorsFromSession.php(49): Illuminate\Routing\Pipeline->Illuminate\Routing\{closure}(Object(Illuminate\Http\Request))
#38 /home/slavo/Code/CodeTutor/vendor/laravel/framework/src/Illuminate/Pipeline/Pipeline.php(148): Illuminate\View\Middleware\ShareErrorsFromSession->handle(Object(Illuminate\Http\Request), Object(Closure))
#39 /home/slavo/Code/CodeTutor/vendor/laravel/framework/src/Illuminate/Routing/Pipeline.php(53): Illuminate\Pipeline\Pipeline->Illuminate\Pipeline\{closure}(Object(Illuminate\Http\Request))
#40 /home/slavo/Code/CodeTutor/vendor/laravel/framework/src/Illuminate/Session/Middleware/StartSession.php(64): Illuminate\Routing\Pipeline->Illuminate\Routing\{closure}(Object(Illuminate\Http\Request))
#41 /home/slavo/Code/CodeTutor/vendor/laravel/framework/src/Illuminate/Pipeline/Pipeline.php(148): Illuminate\Session\Middleware\StartSession->handle(Object(Illuminate\Http\Request), Object(Closure))
#42 /home/slavo/Code/CodeTutor/vendor/laravel/framework/src/Illuminate/Routing/Pipeline.php(53): Illuminate\Pipeline\Pipeline->Illuminate\Pipeline\{closure}(Object(Illuminate\Http\Request))
#43 /home/slavo/Code/CodeTutor/vendor/laravel/framework/src/Illuminate/Cookie/Middleware/AddQueuedCookiesToResponse.php(37): Illuminate\Routing\Pipeline->Illuminate\Routing\{closure}(Object(Illuminate\Http\Request))
#44 /home/slavo/Code/CodeTutor/vendor/laravel/framework/src/Illuminate/Pipeline/Pipeline.php(148): Illuminate\Cookie\Middleware\AddQueuedCookiesToResponse->handle(Object(Illuminate\Http\Request), Object(Closure))
#45 /home/slavo/Code/CodeTutor/vendor/laravel/framework/src/Illuminate/Routing/Pipeline.php(53): Illuminate\Pipeline\Pipeline->Illuminate\Pipeline\{closure}(Object(Illuminate\Http\Request))
#46 /home/slavo/Code/CodeTutor/vendor/laravel/framework/src/Illuminate/Cookie/Middleware/EncryptCookies.php(59): Illuminate\Routing\Pipeline->Illuminate\Routing\{closure}(Object(Illuminate\Http\Request))
#47 /home/slavo/Code/CodeTutor/vendor/laravel/framework/src/Illuminate/Pipeline/Pipeline.php(148): Illuminate\Cookie\Middleware\EncryptCookies->handle(Object(Illuminate\Http\Request), Object(Closure))
#48 /home/slavo/Code/CodeTutor/vendor/laravel/framework/src/Illuminate/Routing/Pipeline.php(53): Illuminate\Pipeline\Pipeline->Illuminate\Pipeline\{closure}(Object(Illuminate\Http\Request))
#49 /home/slavo/Code/CodeTutor/vendor/laravel/framework/src/Illuminate/Pipeline/Pipeline.php(102): Illuminate\Routing\Pipeline->Illuminate\Routing\{closure}(Object(Illuminate\Http\Request))
#50 /home/slavo/Code/CodeTutor/vendor/laravel/framework/src/Illuminate/Routing/Router.php(576): Illuminate\Pipeline\Pipeline->then(Object(Closure))
#51 /home/slavo/Code/CodeTutor/vendor/laravel/framework/src/Illuminate/Routing/Router.php(535): Illuminate\Routing\Router->runRouteWithinStack(Object(Illuminate\Routing\Route), Object(Illuminate\Http\Request))
#52 /home/slavo/Code/CodeTutor/vendor/laravel/framework/src/Illuminate/Routing/Router.php(513): Illuminate\Routing\Router->dispatchToRoute(Object(Illuminate\Http\Request))
#53 /home/slavo/Code/CodeTutor/vendor/laravel/framework/src/Illuminate/Foundation/Http/Kernel.php(176): Illuminate\Routing\Router->dispatch(Object(Illuminate\Http\Request))
#54 /home/slavo/Code/CodeTutor/vendor/laravel/framework/src/Illuminate/Routing/Pipeline.php(30): Illuminate\Foundation\Http\Kernel->Illuminate\Foundation\Http\{closure}(Object(Illuminate\Http\Request))
#55 /home/slavo/Code/CodeTutor/vendor/laravel/framework/src/Illuminate/Foundation/Http/Middleware/CheckForMaintenanceMode.php(46): Illuminate\Routing\Pipeline->Illuminate\Routing\{closure}(Object(Illuminate\Http\Request))
#56 /home/slavo/Code/CodeTutor/vendor/laravel/framework/src/Illuminate/Pipeline/Pipeline.php(148): Illuminate\Foundation\Http\Middleware\CheckForMaintenanceMode->handle(Object(Illuminate\Http\Request), Object(Closure))
#57 /home/slavo/Code/CodeTutor/vendor/laravel/framework/src/Illuminate/Routing/Pipeline.php(53): Illuminate\Pipeline\Pipeline->Illuminate\Pipeline\{closure}(Object(Illuminate\Http\Request))
#58 /home/slavo/Code/CodeTutor/vendor/laravel/framework/src/Illuminate/Pipeline/Pipeline.php(102): Illuminate\Routing\Pipeline->Illuminate\Routing\{closure}(Object(Illuminate\Http\Request))
#59 /home/slavo/Code/CodeTutor/vendor/laravel/framework/src/Illuminate/Foundation/Http/Kernel.php(151): Illuminate\Pipeline\Pipeline->then(Object(Closure))
#60 /home/slavo/Code/CodeTutor/vendor/laravel/framework/src/Illuminate/Foundation/Http/Kernel.php(116): Illuminate\Foundation\Http\Kernel->sendRequestThroughRouter(Object(Illuminate\Http\Request))
#61 /home/slavo/Code/CodeTutor/public/index.php(53): Illuminate\Foundation\Http\Kernel->handle(Object(Illuminate\Http\Request))
#62 /home/slavo/.config/composer/vendor/cpriego/valet-linux/server.php(204): require('/home/slavo/Cod...')
#63 {main}  
[2018-03-12 17:26:50] local.ERROR: PDOException: could not find driver in /home/slavo/Code/CodeTutor/vendor/doctrine/dbal/lib/Doctrine/DBAL/Driver/PDOConnection.php:43
Stack trace:
#0 /home/slavo/Code/CodeTutor/vendor/doctrine/dbal/lib/Doctrine/DBAL/Driver/PDOConnection.php(43): PDO->__construct('pgsql:host=post...', 'default', 'secret', Array)
#1 /home/slavo/Code/CodeTutor/vendor/laravel/framework/src/Illuminate/Database/Connectors/Connector.php(65): Doctrine\DBAL\Driver\PDOConnection->__construct('pgsql:host=post...', 'default', 'secret', Array)
#2 /home/slavo/Code/CodeTutor/vendor/laravel/framework/src/Illuminate/Database/Connectors/Connector.php(44): Illuminate\Database\Connectors\Connector->createPdoConnection('pgsql:host=post...', 'default', 'secret', Array)
#3 /home/slavo/Code/CodeTutor/vendor/laravel/framework/src/Illuminate/Database/Connectors/PostgresConnector.php(33): Illuminate\Database\Connectors\Connector->createConnection('pgsql:host=post...', Array, Array)
#4 /home/slavo/Code/CodeTutor/vendor/laravel/framework/src/Illuminate/Database/Connectors/ConnectionFactory.php(183): Illuminate\Database\Connectors\PostgresConnector->connect(Array)
#5 [internal function]: Illuminate\Database\Connectors\ConnectionFactory->Illuminate\Database\Connectors\{closure}()
#6 /home/slavo/Code/CodeTutor/vendor/laravel/framework/src/Illuminate/Database/Connection.php(883): call_user_func(Object(Closure))
#7 /home/slavo/Code/CodeTutor/vendor/laravel/framework/src/Illuminate/Database/Connection.php(904): Illuminate\Database\Connection->getPdo()
#8 /home/slavo/Code/CodeTutor/vendor/laravel/framework/src/Illuminate/Database/Connection.php(392): Illuminate\Database\Connection->getReadPdo()
#9 /home/slavo/Code/CodeTutor/vendor/laravel/framework/src/Illuminate/Database/Connection.php(318): Illuminate\Database\Connection->getPdoForSelect(true)
#10 /home/slavo/Code/CodeTutor/vendor/laravel/framework/src/Illuminate/Database/Connection.php(640): Illuminate\Database\Connection->Illuminate\Database\{closure}('select * from "...', Array)
#11 /home/slavo/Code/CodeTutor/vendor/laravel/framework/src/Illuminate/Database/Connection.php(607): Illuminate\Database\Connection->runQueryCallback('select * from "...', Array, Object(Closure))
#12 /home/slavo/Code/CodeTutor/vendor/laravel/framework/src/Illuminate/Database/Connection.php(326): Illuminate\Database\Connection->run('select * from "...', Array, Object(Closure))
#13 /home/slavo/Code/CodeTutor/vendor/laravel/framework/src/Illuminate/Database/Query/Builder.php(1710): Illuminate\Database\Connection->select('select * from "...', Array, true)
#14 /home/slavo/Code/CodeTutor/vendor/laravel/framework/src/Illuminate/Database/Query/Builder.php(1695): Illuminate\Database\Query\Builder->runSelect()
#15 /home/slavo/Code/CodeTutor/vendor/laravel/framework/src/Illuminate/Database/Eloquent/Builder.php(462): Illuminate\Database\Query\Builder->get(Array)
#16 /home/slavo/Code/CodeTutor/vendor/laravel/framework/src/Illuminate/Database/Eloquent/Builder.php(446): Illuminate\Database\Eloquent\Builder->getModels(Array)
#17 /home/slavo/Code/CodeTutor/vendor/laravel/framework/src/Illuminate/Database/Concerns/BuildsQueries.php(75): Illuminate\Database\Eloquent\Builder->get(Array)
#18 /home/slavo/Code/CodeTutor/vendor/laravel/framework/src/Illuminate/Auth/EloquentUserProvider.php(114): Illuminate\Database\Eloquent\Builder->first()
#19 /home/slavo/Code/CodeTutor/vendor/laravel/framework/src/Illuminate/Auth/SessionGuard.php(352): Illuminate\Auth\EloquentUserProvider->retrieveByCredentials(Array)
#20 /home/slavo/Code/CodeTutor/vendor/laravel/framework/src/Illuminate/Foundation/Auth/AuthenticatesUsers.php(76): Illuminate\Auth\SessionGuard->attempt(Array, false)
#21 /home/slavo/Code/CodeTutor/vendor/laravel/framework/src/Illuminate/Foundation/Auth/AuthenticatesUsers.php(41): App\Http\Controllers\Auth\LoginController->attemptLogin(Object(Illuminate\Http\Request))
#22 [internal function]: App\Http\Controllers\Auth\LoginController->login(Object(Illuminate\Http\Request))
#23 /home/slavo/Code/CodeTutor/vendor/laravel/framework/src/Illuminate/Routing/Controller.php(55): call_user_func_array(Array, Array)
#24 /home/slavo/Code/CodeTutor/vendor/laravel/framework/src/Illuminate/Routing/ControllerDispatcher.php(44): Illuminate\Routing\Controller->callAction('login', Array)
#25 /home/slavo/Code/CodeTutor/vendor/laravel/framework/src/Illuminate/Routing/Route.php(203): Illuminate\Routing\ControllerDispatcher->dispatch(Object(Illuminate\Routing\Route), Object(App\Http\Controllers\Auth\LoginController), 'login')
#26 /home/slavo/Code/CodeTutor/vendor/laravel/framework/src/Illuminate/Routing/Route.php(160): Illuminate\Routing\Route->runController()
#27 /home/slavo/Code/CodeTutor/vendor/laravel/framework/src/Illuminate/Routing/Router.php(574): Illuminate\Routing\Route->run()
#28 /home/slavo/Code/CodeTutor/vendor/laravel/framework/src/Illuminate/Routing/Pipeline.php(30): Illuminate\Routing\Router->Illuminate\Routing\{closure}(Object(Illuminate\Http\Request))
#29 /home/slavo/Code/CodeTutor/app/Http/Middleware/RedirectIfAuthenticated.php(25): Illuminate\Routing\Pipeline->Illuminate\Routing\{closure}(Object(Illuminate\Http\Request))
#30 /home/slavo/Code/CodeTutor/vendor/laravel/framework/src/Illuminate/Pipeline/Pipeline.php(148): App\Http\Middleware\RedirectIfAuthenticated->handle(Object(Illuminate\Http\Request), Object(Closure))
#31 /home/slavo/Code/CodeTutor/vendor/laravel/framework/src/Illuminate/Routing/Pipeline.php(53): Illuminate\Pipeline\Pipeline->Illuminate\Pipeline\{closure}(Object(Illuminate\Http\Request))
#32 /home/slavo/Code/CodeTutor/vendor/laravel/framework/src/Illuminate/Routing/Middleware/SubstituteBindings.php(41): Illuminate\Routing\Pipeline->Illuminate\Routing\{closure}(Object(Illuminate\Http\Request))
#33 /home/slavo/Code/CodeTutor/vendor/laravel/framework/src/Illuminate/Pipeline/Pipeline.php(148): Illuminate\Routing\Middleware\SubstituteBindings->handle(Object(Illuminate\Http\Request), Object(Closure))
#34 /home/slavo/Code/CodeTutor/vendor/laravel/framework/src/Illuminate/Routing/Pipeline.php(53): Illuminate\Pipeline\Pipeline->Illuminate\Pipeline\{closure}(Object(Illuminate\Http\Request))
#35 /home/slavo/Code/CodeTutor/vendor/laravel/framework/src/Illuminate/Foundation/Http/Middleware/VerifyCsrfToken.php(65): Illuminate\Routing\Pipeline->Illuminate\Routing\{closure}(Object(Illuminate\Http\Request))
#36 /home/slavo/Code/CodeTutor/vendor/laravel/framework/src/Illuminate/Pipeline/Pipeline.php(148): Illuminate\Foundation\Http\Middleware\VerifyCsrfToken->handle(Object(Illuminate\Http\Request), Object(Closure))
#37 /home/slavo/Code/CodeTutor/vendor/laravel/framework/src/Illuminate/Routing/Pipeline.php(53): Illuminate\Pipeline\Pipeline->Illuminate\Pipeline\{closure}(Object(Illuminate\Http\Request))
#38 /home/slavo/Code/CodeTutor/vendor/laravel/framework/src/Illuminate/View/Middleware/ShareErrorsFromSession.php(49): Illuminate\Routing\Pipeline->Illuminate\Routing\{closure}(Object(Illuminate\Http\Request))
#39 /home/slavo/Code/CodeTutor/vendor/laravel/framework/src/Illuminate/Pipeline/Pipeline.php(148): Illuminate\View\Middleware\ShareErrorsFromSession->handle(Object(Illuminate\Http\Request), Object(Closure))
#40 /home/slavo/Code/CodeTutor/vendor/laravel/framework/src/Illuminate/Routing/Pipeline.php(53): Illuminate\Pipeline\Pipeline->Illuminate\Pipeline\{closure}(Object(Illuminate\Http\Request))
#41 /home/slavo/Code/CodeTutor/vendor/laravel/framework/src/Illuminate/Session/Middleware/StartSession.php(64): Illuminate\Routing\Pipeline->Illuminate\Routing\{closure}(Object(Illuminate\Http\Request))
#42 /home/slavo/Code/CodeTutor/vendor/laravel/framework/src/Illuminate/Pipeline/Pipeline.php(148): Illuminate\Session\Middleware\StartSession->handle(Object(Illuminate\Http\Request), Object(Closure))
#43 /home/slavo/Code/CodeTutor/vendor/laravel/framework/src/Illuminate/Routing/Pipeline.php(53): Illuminate\Pipeline\Pipeline->Illuminate\Pipeline\{closure}(Object(Illuminate\Http\Request))
#44 /home/slavo/Code/CodeTutor/vendor/laravel/framework/src/Illuminate/Cookie/Middleware/AddQueuedCookiesToResponse.php(37): Illuminate\Routing\Pipeline->Illuminate\Routing\{closure}(Object(Illuminate\Http\Request))
#45 /home/slavo/Code/CodeTutor/vendor/laravel/framework/src/Illuminate/Pipeline/Pipeline.php(148): Illuminate\Cookie\Middleware\AddQueuedCookiesToResponse->handle(Object(Illuminate\Http\Request), Object(Closure))
#46 /home/slavo/Code/CodeTutor/vendor/laravel/framework/src/Illuminate/Routing/Pipeline.php(53): Illuminate\Pipeline\Pipeline->Illuminate\Pipeline\{closure}(Object(Illuminate\Http\Request))
#47 /home/slavo/Code/CodeTutor/vendor/laravel/framework/src/Illuminate/Cookie/Middleware/EncryptCookies.php(59): Illuminate\Routing\Pipeline->Illuminate\Routing\{closure}(Object(Illuminate\Http\Request))
#48 /home/slavo/Code/CodeTutor/vendor/laravel/framework/src/Illuminate/Pipeline/Pipeline.php(148): Illuminate\Cookie\Middleware\EncryptCookies->handle(Object(Illuminate\Http\Request), Object(Closure))
#49 /home/slavo/Code/CodeTutor/vendor/laravel/framework/src/Illuminate/Routing/Pipeline.php(53): Illuminate\Pipeline\Pipeline->Illuminate\Pipeline\{closure}(Object(Illuminate\Http\Request))
#50 /home/slavo/Code/CodeTutor/vendor/laravel/framework/src/Illuminate/Pipeline/Pipeline.php(102): Illuminate\Routing\Pipeline->Illuminate\Routing\{closure}(Object(Illuminate\Http\Request))
#51 /home/slavo/Code/CodeTutor/vendor/laravel/framework/src/Illuminate/Routing/Router.php(576): Illuminate\Pipeline\Pipeline->then(Object(Closure))
#52 /home/slavo/Code/CodeTutor/vendor/laravel/framework/src/Illuminate/Routing/Router.php(535): Illuminate\Routing\Router->runRouteWithinStack(Object(Illuminate\Routing\Route), Object(Illuminate\Http\Request))
#53 /home/slavo/Code/CodeTutor/vendor/laravel/framework/src/Illuminate/Routing/Router.php(513): Illuminate\Routing\Router->dispatchToRoute(Object(Illuminate\Http\Request))
#54 /home/slavo/Code/CodeTutor/vendor/laravel/framework/src/Illuminate/Foundation/Http/Kernel.php(176): Illuminate\Routing\Router->dispatch(Object(Illuminate\Http\Request))
#55 /home/slavo/Code/CodeTutor/vendor/laravel/framework/src/Illuminate/Routing/Pipeline.php(30): Illuminate\Foundation\Http\Kernel->Illuminate\Foundation\Http\{closure}(Object(Illuminate\Http\Request))
#56 /home/slavo/Code/CodeTutor/vendor/laravel/framework/src/Illuminate/Foundation/Http/Middleware/CheckForMaintenanceMode.php(46): Illuminate\Routing\Pipeline->Illuminate\Routing\{closure}(Object(Illuminate\Http\Request))
#57 /home/slavo/Code/CodeTutor/vendor/laravel/framework/src/Illuminate/Pipeline/Pipeline.php(148): Illuminate\Foundation\Http\Middleware\CheckForMaintenanceMode->handle(Object(Illuminate\Http\Request), Object(Closure))
#58 /home/slavo/Code/CodeTutor/vendor/laravel/framework/src/Illuminate/Routing/Pipeline.php(53): Illuminate\Pipeline\Pipeline->Illuminate\Pipeline\{closure}(Object(Illuminate\Http\Request))
#59 /home/slavo/Code/CodeTutor/vendor/laravel/framework/src/Illuminate/Pipeline/Pipeline.php(102): Illuminate\Routing\Pipeline->Illuminate\Routing\{closure}(Object(Illuminate\Http\Request))
#60 /home/slavo/Code/CodeTutor/vendor/laravel/framework/src/Illuminate/Foundation/Http/Kernel.php(151): Illuminate\Pipeline\Pipeline->then(Object(Closure))
#61 /home/slavo/Code/CodeTutor/vendor/laravel/framework/src/Illuminate/Foundation/Http/Kernel.php(116): Illuminate\Foundation\Http\Kernel->sendRequestThroughRouter(Object(Illuminate\Http\Request))
#62 /home/slavo/Code/CodeTutor/public/index.php(53): Illuminate\Foundation\Http\Kernel->handle(Object(Illuminate\Http\Request))
#63 /home/slavo/.config/composer/vendor/cpriego/valet-linux/server.php(204): require('/home/slavo/Cod...')
#64 {main}

Next Doctrine\DBAL\Driver\PDOException: could not find driver in /home/slavo/Code/CodeTutor/vendor/doctrine/dbal/lib/Doctrine/DBAL/Driver/PDOConnection.php:47
Stack trace:
#0 /home/slavo/Code/CodeTutor/vendor/laravel/framework/src/Illuminate/Database/Connectors/Connector.php(65): Doctrine\DBAL\Driver\PDOConnection->__construct('pgsql:host=post...', 'default', 'secret', Array)
#1 /home/slavo/Code/CodeTutor/vendor/laravel/framework/src/Illuminate/Database/Connectors/Connector.php(44): Illuminate\Database\Connectors\Connector->createPdoConnection('pgsql:host=post...', 'default', 'secret', Array)
#2 /home/slavo/Code/CodeTutor/vendor/laravel/framework/src/Illuminate/Database/Connectors/PostgresConnector.php(33): Illuminate\Database\Connectors\Connector->createConnection('pgsql:host=post...', Array, Array)
#3 /home/slavo/Code/CodeTutor/vendor/laravel/framework/src/Illuminate/Database/Connectors/ConnectionFactory.php(183): Illuminate\Database\Connectors\PostgresConnector->connect(Array)
#4 [internal function]: Illuminate\Database\Connectors\ConnectionFactory->Illuminate\Database\Connectors\{closure}()
#5 /home/slavo/Code/CodeTutor/vendor/laravel/framework/src/Illuminate/Database/Connection.php(883): call_user_func(Object(Closure))
#6 /home/slavo/Code/CodeTutor/vendor/laravel/framework/src/Illuminate/Database/Connection.php(904): Illuminate\Database\Connection->getPdo()
#7 /home/slavo/Code/CodeTutor/vendor/laravel/framework/src/Illuminate/Database/Connection.php(392): Illuminate\Database\Connection->getReadPdo()
#8 /home/slavo/Code/CodeTutor/vendor/laravel/framework/src/Illuminate/Database/Connection.php(318): Illuminate\Database\Connection->getPdoForSelect(true)
#9 /home/slavo/Code/CodeTutor/vendor/laravel/framework/src/Illuminate/Database/Connection.php(640): Illuminate\Database\Connection->Illuminate\Database\{closure}('select * from "...', Array)
#10 /home/slavo/Code/CodeTutor/vendor/laravel/framework/src/Illuminate/Database/Connection.php(607): Illuminate\Database\Connection->runQueryCallback('select * from "...', Array, Object(Closure))
#11 /home/slavo/Code/CodeTutor/vendor/laravel/framework/src/Illuminate/Database/Connection.php(326): Illuminate\Database\Connection->run('select * from "...', Array, Object(Closure))
#12 /home/slavo/Code/CodeTutor/vendor/laravel/framework/src/Illuminate/Database/Query/Builder.php(1710): Illuminate\Database\Connection->select('select * from "...', Array, true)
#13 /home/slavo/Code/CodeTutor/vendor/laravel/framework/src/Illuminate/Database/Query/Builder.php(1695): Illuminate\Database\Query\Builder->runSelect()
#14 /home/slavo/Code/CodeTutor/vendor/laravel/framework/src/Illuminate/Database/Eloquent/Builder.php(462): Illuminate\Database\Query\Builder->get(Array)
#15 /home/slavo/Code/CodeTutor/vendor/laravel/framework/src/Illuminate/Database/Eloquent/Builder.php(446): Illuminate\Database\Eloquent\Builder->getModels(Array)
#16 /home/slavo/Code/CodeTutor/vendor/laravel/framework/src/Illuminate/Database/Concerns/BuildsQueries.php(75): Illuminate\Database\Eloquent\Builder->get(Array)
#17 /home/slavo/Code/CodeTutor/vendor/laravel/framework/src/Illuminate/Auth/EloquentUserProvider.php(114): Illuminate\Database\Eloquent\Builder->first()
#18 /home/slavo/Code/CodeTutor/vendor/laravel/framework/src/Illuminate/Auth/SessionGuard.php(352): Illuminate\Auth\EloquentUserProvider->retrieveByCredentials(Array)
#19 /home/slavo/Code/CodeTutor/vendor/laravel/framework/src/Illuminate/Foundation/Auth/AuthenticatesUsers.php(76): Illuminate\Auth\SessionGuard->attempt(Array, false)
#20 /home/slavo/Code/CodeTutor/vendor/laravel/framework/src/Illuminate/Foundation/Auth/AuthenticatesUsers.php(41): App\Http\Controllers\Auth\LoginController->attemptLogin(Object(Illuminate\Http\Request))
#21 [internal function]: App\Http\Controllers\Auth\LoginController->login(Object(Illuminate\Http\Request))
#22 /home/slavo/Code/CodeTutor/vendor/laravel/framework/src/Illuminate/Routing/Controller.php(55): call_user_func_array(Array, Array)
#23 /home/slavo/Code/CodeTutor/vendor/laravel/framework/src/Illuminate/Routing/ControllerDispatcher.php(44): Illuminate\Routing\Controller->callAction('login', Array)
#24 /home/slavo/Code/CodeTutor/vendor/laravel/framework/src/Illuminate/Routing/Route.php(203): Illuminate\Routing\ControllerDispatcher->dispatch(Object(Illuminate\Routing\Route), Object(App\Http\Controllers\Auth\LoginController), 'login')
#25 /home/slavo/Code/CodeTutor/vendor/laravel/framework/src/Illuminate/Routing/Route.php(160): Illuminate\Routing\Route->runController()
#26 /home/slavo/Code/CodeTutor/vendor/laravel/framework/src/Illuminate/Routing/Router.php(574): Illuminate\Routing\Route->run()
#27 /home/slavo/Code/CodeTutor/vendor/laravel/framework/src/Illuminate/Routing/Pipeline.php(30): Illuminate\Routing\Router->Illuminate\Routing\{closure}(Object(Illuminate\Http\Request))
#28 /home/slavo/Code/CodeTutor/app/Http/Middleware/RedirectIfAuthenticated.php(25): Illuminate\Routing\Pipeline->Illuminate\Routing\{closure}(Object(Illuminate\Http\Request))
#29 /home/slavo/Code/CodeTutor/vendor/laravel/framework/src/Illuminate/Pipeline/Pipeline.php(148): App\Http\Middleware\RedirectIfAuthenticated->handle(Object(Illuminate\Http\Request), Object(Closure))
#30 /home/slavo/Code/CodeTutor/vendor/laravel/framework/src/Illuminate/Routing/Pipeline.php(53): Illuminate\Pipeline\Pipeline->Illuminate\Pipeline\{closure}(Object(Illuminate\Http\Request))
#31 /home/slavo/Code/CodeTutor/vendor/laravel/framework/src/Illuminate/Routing/Middleware/SubstituteBindings.php(41): Illuminate\Routing\Pipeline->Illuminate\Routing\{closure}(Object(Illuminate\Http\Request))
#32 /home/slavo/Code/CodeTutor/vendor/laravel/framework/src/Illuminate/Pipeline/Pipeline.php(148): Illuminate\Routing\Middleware\SubstituteBindings->handle(Object(Illuminate\Http\Request), Object(Closure))
#33 /home/slavo/Code/CodeTutor/vendor/laravel/framework/src/Illuminate/Routing/Pipeline.php(53): Illuminate\Pipeline\Pipeline->Illuminate\Pipeline\{closure}(Object(Illuminate\Http\Request))
#34 /home/slavo/Code/CodeTutor/vendor/laravel/framework/src/Illuminate/Foundation/Http/Middleware/VerifyCsrfToken.php(65): Illuminate\Routing\Pipeline->Illuminate\Routing\{closure}(Object(Illuminate\Http\Request))
#35 /home/slavo/Code/CodeTutor/vendor/laravel/framework/src/Illuminate/Pipeline/Pipeline.php(148): Illuminate\Foundation\Http\Middleware\VerifyCsrfToken->handle(Object(Illuminate\Http\Request), Object(Closure))
#36 /home/slavo/Code/CodeTutor/vendor/laravel/framework/src/Illuminate/Routing/Pipeline.php(53): Illuminate\Pipeline\Pipeline->Illuminate\Pipeline\{closure}(Object(Illuminate\Http\Request))
#37 /home/slavo/Code/CodeTutor/vendor/laravel/framework/src/Illuminate/View/Middleware/ShareErrorsFromSession.php(49): Illuminate\Routing\Pipeline->Illuminate\Routing\{closure}(Object(Illuminate\Http\Request))
#38 /home/slavo/Code/CodeTutor/vendor/laravel/framework/src/Illuminate/Pipeline/Pipeline.php(148): Illuminate\View\Middleware\ShareErrorsFromSession->handle(Object(Illuminate\Http\Request), Object(Closure))
#39 /home/slavo/Code/CodeTutor/vendor/laravel/framework/src/Illuminate/Routing/Pipeline.php(53): Illuminate\Pipeline\Pipeline->Illuminate\Pipeline\{closure}(Object(Illuminate\Http\Request))
#40 /home/slavo/Code/CodeTutor/vendor/laravel/framework/src/Illuminate/Session/Middleware/StartSession.php(64): Illuminate\Routing\Pipeline->Illuminate\Routing\{closure}(Object(Illuminate\Http\Request))
#41 /home/slavo/Code/CodeTutor/vendor/laravel/framework/src/Illuminate/Pipeline/Pipeline.php(148): Illuminate\Session\Middleware\StartSession->handle(Object(Illuminate\Http\Request), Object(Closure))
#42 /home/slavo/Code/CodeTutor/vendor/laravel/framework/src/Illuminate/Routing/Pipeline.php(53): Illuminate\Pipeline\Pipeline->Illuminate\Pipeline\{closure}(Object(Illuminate\Http\Request))
#43 /home/slavo/Code/CodeTutor/vendor/laravel/framework/src/Illuminate/Cookie/Middleware/AddQueuedCookiesToResponse.php(37): Illuminate\Routing\Pipeline->Illuminate\Routing\{closure}(Object(Illuminate\Http\Request))
#44 /home/slavo/Code/CodeTutor/vendor/laravel/framework/src/Illuminate/Pipeline/Pipeline.php(148): Illuminate\Cookie\Middleware\AddQueuedCookiesToResponse->handle(Object(Illuminate\Http\Request), Object(Closure))
#45 /home/slavo/Code/CodeTutor/vendor/laravel/framework/src/Illuminate/Routing/Pipeline.php(53): Illuminate\Pipeline\Pipeline->Illuminate\Pipeline\{closure}(Object(Illuminate\Http\Request))
#46 /home/slavo/Code/CodeTutor/vendor/laravel/framework/src/Illuminate/Cookie/Middleware/EncryptCookies.php(59): Illuminate\Routing\Pipeline->Illuminate\Routing\{closure}(Object(Illuminate\Http\Request))
#47 /home/slavo/Code/CodeTutor/vendor/laravel/framework/src/Illuminate/Pipeline/Pipeline.php(148): Illuminate\Cookie\Middleware\EncryptCookies->handle(Object(Illuminate\Http\Request), Object(Closure))
#48 /home/slavo/Code/CodeTutor/vendor/laravel/framework/src/Illuminate/Routing/Pipeline.php(53): Illuminate\Pipeline\Pipeline->Illuminate\Pipeline\{closure}(Object(Illuminate\Http\Request))
#49 /home/slavo/Code/CodeTutor/vendor/laravel/framework/src/Illuminate/Pipeline/Pipeline.php(102): Illuminate\Routing\Pipeline->Illuminate\Routing\{closure}(Object(Illuminate\Http\Request))
#50 /home/slavo/Code/CodeTutor/vendor/laravel/framework/src/Illuminate/Routing/Router.php(576): Illuminate\Pipeline\Pipeline->then(Object(Closure))
#51 /home/slavo/Code/CodeTutor/vendor/laravel/framework/src/Illuminate/Routing/Router.php(535): Illuminate\Routing\Router->runRouteWithinStack(Object(Illuminate\Routing\Route), Object(Illuminate\Http\Request))
#52 /home/slavo/Code/CodeTutor/vendor/laravel/framework/src/Illuminate/Routing/Router.php(513): Illuminate\Routing\Router->dispatchToRoute(Object(Illuminate\Http\Request))
#53 /home/slavo/Code/CodeTutor/vendor/laravel/framework/src/Illuminate/Foundation/Http/Kernel.php(176): Illuminate\Routing\Router->dispatch(Object(Illuminate\Http\Request))
#54 /home/slavo/Code/CodeTutor/vendor/laravel/framework/src/Illuminate/Routing/Pipeline.php(30): Illuminate\Foundation\Http\Kernel->Illuminate\Foundation\Http\{closure}(Object(Illuminate\Http\Request))
#55 /home/slavo/Code/CodeTutor/vendor/laravel/framework/src/Illuminate/Foundation/Http/Middleware/CheckForMaintenanceMode.php(46): Illuminate\Routing\Pipeline->Illuminate\Routing\{closure}(Object(Illuminate\Http\Request))
#56 /home/slavo/Code/CodeTutor/vendor/laravel/framework/src/Illuminate/Pipeline/Pipeline.php(148): Illuminate\Foundation\Http\Middleware\CheckForMaintenanceMode->handle(Object(Illuminate\Http\Request), Object(Closure))
#57 /home/slavo/Code/CodeTutor/vendor/laravel/framework/src/Illuminate/Routing/Pipeline.php(53): Illuminate\Pipeline\Pipeline->Illuminate\Pipeline\{closure}(Object(Illuminate\Http\Request))
#58 /home/slavo/Code/CodeTutor/vendor/laravel/framework/src/Illuminate/Pipeline/Pipeline.php(102): Illuminate\Routing\Pipeline->Illuminate\Routing\{closure}(Object(Illuminate\Http\Request))
#59 /home/slavo/Code/CodeTutor/vendor/laravel/framework/src/Illuminate/Foundation/Http/Kernel.php(151): Illuminate\Pipeline\Pipeline->then(Object(Closure))
#60 /home/slavo/Code/CodeTutor/vendor/laravel/framework/src/Illuminate/Foundation/Http/Kernel.php(116): Illuminate\Foundation\Http\Kernel->sendRequestThroughRouter(Object(Illuminate\Http\Request))
#61 /home/slavo/Code/CodeTutor/public/index.php(53): Illuminate\Foundation\Http\Kernel->handle(Object(Illuminate\Http\Request))
#62 /home/slavo/.config/composer/vendor/cpriego/valet-linux/server.php(204): require('/home/slavo/Cod...')
#63 {main}

Next Illuminate\Database\QueryException: could not find driver (SQL: select * from "users" where "email" = slavo.kozar@gmail.com limit 1) in /home/slavo/Code/CodeTutor/vendor/laravel/framework/src/Illuminate/Database/Connection.php:647
Stack trace:
#0 /home/slavo/Code/CodeTutor/vendor/laravel/framework/src/Illuminate/Database/Connection.php(607): Illuminate\Database\Connection->runQueryCallback('select * from "...', Array, Object(Closure))
#1 /home/slavo/Code/CodeTutor/vendor/laravel/framework/src/Illuminate/Database/Connection.php(326): Illuminate\Database\Connection->run('select * from "...', Array, Object(Closure))
#2 /home/slavo/Code/CodeTutor/vendor/laravel/framework/src/Illuminate/Database/Query/Builder.php(1710): Illuminate\Database\Connection->select('select * from "...', Array, true)
#3 /home/slavo/Code/CodeTutor/vendor/laravel/framework/src/Illuminate/Database/Query/Builder.php(1695): Illuminate\Database\Query\Builder->runSelect()
#4 /home/slavo/Code/CodeTutor/vendor/laravel/framework/src/Illuminate/Database/Eloquent/Builder.php(462): Illuminate\Database\Query\Builder->get(Array)
#5 /home/slavo/Code/CodeTutor/vendor/laravel/framework/src/Illuminate/Database/Eloquent/Builder.php(446): Illuminate\Database\Eloquent\Builder->getModels(Array)
#6 /home/slavo/Code/CodeTutor/vendor/laravel/framework/src/Illuminate/Database/Concerns/BuildsQueries.php(75): Illuminate\Database\Eloquent\Builder->get(Array)
#7 /home/slavo/Code/CodeTutor/vendor/laravel/framework/src/Illuminate/Auth/EloquentUserProvider.php(114): Illuminate\Database\Eloquent\Builder->first()
#8 /home/slavo/Code/CodeTutor/vendor/laravel/framework/src/Illuminate/Auth/SessionGuard.php(352): Illuminate\Auth\EloquentUserProvider->retrieveByCredentials(Array)
#9 /home/slavo/Code/CodeTutor/vendor/laravel/framework/src/Illuminate/Foundation/Auth/AuthenticatesUsers.php(76): Illuminate\Auth\SessionGuard->attempt(Array, false)
#10 /home/slavo/Code/CodeTutor/vendor/laravel/framework/src/Illuminate/Foundation/Auth/AuthenticatesUsers.php(41): App\Http\Controllers\Auth\LoginController->attemptLogin(Object(Illuminate\Http\Request))
#11 [internal function]: App\Http\Controllers\Auth\LoginController->login(Object(Illuminate\Http\Request))
#12 /home/slavo/Code/CodeTutor/vendor/laravel/framework/src/Illuminate/Routing/Controller.php(55): call_user_func_array(Array, Array)
#13 /home/slavo/Code/CodeTutor/vendor/laravel/framework/src/Illuminate/Routing/ControllerDispatcher.php(44): Illuminate\Routing\Controller->callAction('login', Array)
#14 /home/slavo/Code/CodeTutor/vendor/laravel/framework/src/Illuminate/Routing/Route.php(203): Illuminate\Routing\ControllerDispatcher->dispatch(Object(Illuminate\Routing\Route), Object(App\Http\Controllers\Auth\LoginController), 'login')
#15 /home/slavo/Code/CodeTutor/vendor/laravel/framework/src/Illuminate/Routing/Route.php(160): Illuminate\Routing\Route->runController()
#16 /home/slavo/Code/CodeTutor/vendor/laravel/framework/src/Illuminate/Routing/Router.php(574): Illuminate\Routing\Route->run()
#17 /home/slavo/Code/CodeTutor/vendor/laravel/framework/src/Illuminate/Routing/Pipeline.php(30): Illuminate\Routing\Router->Illuminate\Routing\{closure}(Object(Illuminate\Http\Request))
#18 /home/slavo/Code/CodeTutor/app/Http/Middleware/RedirectIfAuthenticated.php(25): Illuminate\Routing\Pipeline->Illuminate\Routing\{closure}(Object(Illuminate\Http\Request))
#19 /home/slavo/Code/CodeTutor/vendor/laravel/framework/src/Illuminate/Pipeline/Pipeline.php(148): App\Http\Middleware\RedirectIfAuthenticated->handle(Object(Illuminate\Http\Request), Object(Closure))
#20 /home/slavo/Code/CodeTutor/vendor/laravel/framework/src/Illuminate/Routing/Pipeline.php(53): Illuminate\Pipeline\Pipeline->Illuminate\Pipeline\{closure}(Object(Illuminate\Http\Request))
#21 /home/slavo/Code/CodeTutor/vendor/laravel/framework/src/Illuminate/Routing/Middleware/SubstituteBindings.php(41): Illuminate\Routing\Pipeline->Illuminate\Routing\{closure}(Object(Illuminate\Http\Request))
#22 /home/slavo/Code/CodeTutor/vendor/laravel/framework/src/Illuminate/Pipeline/Pipeline.php(148): Illuminate\Routing\Middleware\SubstituteBindings->handle(Object(Illuminate\Http\Request), Object(Closure))
#23 /home/slavo/Code/CodeTutor/vendor/laravel/framework/src/Illuminate/Routing/Pipeline.php(53): Illuminate\Pipeline\Pipeline->Illuminate\Pipeline\{closure}(Object(Illuminate\Http\Request))
#24 /home/slavo/Code/CodeTutor/vendor/laravel/framework/src/Illuminate/Foundation/Http/Middleware/VerifyCsrfToken.php(65): Illuminate\Routing\Pipeline->Illuminate\Routing\{closure}(Object(Illuminate\Http\Request))
#25 /home/slavo/Code/CodeTutor/vendor/laravel/framework/src/Illuminate/Pipeline/Pipeline.php(148): Illuminate\Foundation\Http\Middleware\VerifyCsrfToken->handle(Object(Illuminate\Http\Request), Object(Closure))
#26 /home/slavo/Code/CodeTutor/vendor/laravel/framework/src/Illuminate/Routing/Pipeline.php(53): Illuminate\Pipeline\Pipeline->Illuminate\Pipeline\{closure}(Object(Illuminate\Http\Request))
#27 /home/slavo/Code/CodeTutor/vendor/laravel/framework/src/Illuminate/View/Middleware/ShareErrorsFromSession.php(49): Illuminate\Routing\Pipeline->Illuminate\Routing\{closure}(Object(Illuminate\Http\Request))
#28 /home/slavo/Code/CodeTutor/vendor/laravel/framework/src/Illuminate/Pipeline/Pipeline.php(148): Illuminate\View\Middleware\ShareErrorsFromSession->handle(Object(Illuminate\Http\Request), Object(Closure))
#29 /home/slavo/Code/CodeTutor/vendor/laravel/framework/src/Illuminate/Routing/Pipeline.php(53): Illuminate\Pipeline\Pipeline->Illuminate\Pipeline\{closure}(Object(Illuminate\Http\Request))
#30 /home/slavo/Code/CodeTutor/vendor/laravel/framework/src/Illuminate/Session/Middleware/StartSession.php(64): Illuminate\Routing\Pipeline->Illuminate\Routing\{closure}(Object(Illuminate\Http\Request))
#31 /home/slavo/Code/CodeTutor/vendor/laravel/framework/src/Illuminate/Pipeline/Pipeline.php(148): Illuminate\Session\Middleware\StartSession->handle(Object(Illuminate\Http\Request), Object(Closure))
#32 /home/slavo/Code/CodeTutor/vendor/laravel/framework/src/Illuminate/Routing/Pipeline.php(53): Illuminate\Pipeline\Pipeline->Illuminate\Pipeline\{closure}(Object(Illuminate\Http\Request))
#33 /home/slavo/Code/CodeTutor/vendor/laravel/framework/src/Illuminate/Cookie/Middleware/AddQueuedCookiesToResponse.php(37): Illuminate\Routing\Pipeline->Illuminate\Routing\{closure}(Object(Illuminate\Http\Request))
#34 /home/slavo/Code/CodeTutor/vendor/laravel/framework/src/Illuminate/Pipeline/Pipeline.php(148): Illuminate\Cookie\Middleware\AddQueuedCookiesToResponse->handle(Object(Illuminate\Http\Request), Object(Closure))
#35 /home/slavo/Code/CodeTutor/vendor/laravel/framework/src/Illuminate/Routing/Pipeline.php(53): Illuminate\Pipeline\Pipeline->Illuminate\Pipeline\{closure}(Object(Illuminate\Http\Request))
#36 /home/slavo/Code/CodeTutor/vendor/laravel/framework/src/Illuminate/Cookie/Middleware/EncryptCookies.php(59): Illuminate\Routing\Pipeline->Illuminate\Routing\{closure}(Object(Illuminate\Http\Request))
#37 /home/slavo/Code/CodeTutor/vendor/laravel/framework/src/Illuminate/Pipeline/Pipeline.php(148): Illuminate\Cookie\Middleware\EncryptCookies->handle(Object(Illuminate\Http\Request), Object(Closure))
#38 /home/slavo/Code/CodeTutor/vendor/laravel/framework/src/Illuminate/Routing/Pipeline.php(53): Illuminate\Pipeline\Pipeline->Illuminate\Pipeline\{closure}(Object(Illuminate\Http\Request))
#39 /home/slavo/Code/CodeTutor/vendor/laravel/framework/src/Illuminate/Pipeline/Pipeline.php(102): Illuminate\Routing\Pipeline->Illuminate\Routing\{closure}(Object(Illuminate\Http\Request))
#40 /home/slavo/Code/CodeTutor/vendor/laravel/framework/src/Illuminate/Routing/Router.php(576): Illuminate\Pipeline\Pipeline->then(Object(Closure))
#41 /home/slavo/Code/CodeTutor/vendor/laravel/framework/src/Illuminate/Routing/Router.php(535): Illuminate\Routing\Router->runRouteWithinStack(Object(Illuminate\Routing\Route), Object(Illuminate\Http\Request))
#42 /home/slavo/Code/CodeTutor/vendor/laravel/framework/src/Illuminate/Routing/Router.php(513): Illuminate\Routing\Router->dispatchToRoute(Object(Illuminate\Http\Request))
#43 /home/slavo/Code/CodeTutor/vendor/laravel/framework/src/Illuminate/Foundation/Http/Kernel.php(176): Illuminate\Routing\Router->dispatch(Object(Illuminate\Http\Request))
#44 /home/slavo/Code/CodeTutor/vendor/laravel/framework/src/Illuminate/Routing/Pipeline.php(30): Illuminate\Foundation\Http\Kernel->Illuminate\Foundation\Http\{closure}(Object(Illuminate\Http\Request))
#45 /home/slavo/Code/CodeTutor/vendor/laravel/framework/src/Illuminate/Foundation/Http/Middleware/CheckForMaintenanceMode.php(46): Illuminate\Routing\Pipeline->Illuminate\Routing\{closure}(Object(Illuminate\Http\Request))
#46 /home/slavo/Code/CodeTutor/vendor/laravel/framework/src/Illuminate/Pipeline/Pipeline.php(148): Illuminate\Foundation\Http\Middleware\CheckForMaintenanceMode->handle(Object(Illuminate\Http\Request), Object(Closure))
#47 /home/slavo/Code/CodeTutor/vendor/laravel/framework/src/Illuminate/Routing/Pipeline.php(53): Illuminate\Pipeline\Pipeline->Illuminate\Pipeline\{closure}(Object(Illuminate\Http\Request))
#48 /home/slavo/Code/CodeTutor/vendor/laravel/framework/src/Illuminate/Pipeline/Pipeline.php(102): Illuminate\Routing\Pipeline->Illuminate\Routing\{closure}(Object(Illuminate\Http\Request))
#49 /home/slavo/Code/CodeTutor/vendor/laravel/framework/src/Illuminate/Foundation/Http/Kernel.php(151): Illuminate\Pipeline\Pipeline->then(Object(Closure))
#50 /home/slavo/Code/CodeTutor/vendor/laravel/framework/src/Illuminate/Foundation/Http/Kernel.php(116): Illuminate\Foundation\Http\Kernel->sendRequestThroughRouter(Object(Illuminate\Http\Request))
#51 /home/slavo/Code/CodeTutor/public/index.php(53): Illuminate\Foundation\Http\Kernel->handle(Object(Illuminate\Http\Request))
#52 /home/slavo/.config/composer/vendor/cpriego/valet-linux/server.php(204): require('/home/slavo/Cod...')
#53 {main}  
