[2018-03-18 12:48:30] production.ERROR: Symfony\Component\Debug\Exception\FatalThrowableError: Class 'Artisan' not found in /Users/slavo/Code/CodeTutor/routes/console.php:16
Stack trace:
#0 /Users/slavo/Code/CodeTutor/app/Console/Kernel.php(39): require()
#1 /Users/slavo/Code/CodeTutor/vendor/laravel/framework/src/Illuminate/Foundation/Console/Kernel.php(117): App\Console\Kernel->commands()
#2 /Users/slavo/Code/CodeTutor/artisan(35): Illuminate\Foundation\Console\Kernel->handle(Object(Symfony\Component\Console\Input\ArgvInput), Object(Symfony\Component\Console\Output\ConsoleOutput))
#3 {main}  
[2018-03-18 12:49:54] production.ERROR: Symfony\Component\Debug\Exception\FatalThrowableError: Class 'Artisan' not found in /Users/slavo/Code/CodeTutor/routes/console.php:16
Stack trace:
#0 /Users/slavo/Code/CodeTutor/app/Console/Kernel.php(39): require()
#1 /Users/slavo/Code/CodeTutor/vendor/laravel/framework/src/Illuminate/Foundation/Console/Kernel.php(117): App\Console\Kernel->commands()
#2 /Users/slavo/Code/CodeTutor/artisan(35): Illuminate\Foundation\Console\Kernel->handle(Object(Symfony\Component\Console\Input\ArgvInput), Object(Symfony\Component\Console\Output\ConsoleOutput))
#3 {main}  
[2018-03-18 12:51:29] production.ERROR: Symfony\Component\Debug\Exception\FatalThrowableError: Class 'Artisan' not found in /Users/slavo/Code/CodeTutor/routes/console.php:16
Stack trace:
#0 /Users/slavo/Code/CodeTutor/app/Console/Kernel.php(39): require()
#1 /Users/slavo/Code/CodeTutor/vendor/laravel/framework/src/Illuminate/Foundation/Console/Kernel.php(117): App\Console\Kernel->commands()
#2 /Users/slavo/Code/CodeTutor/artisan(35): Illuminate\Foundation\Console\Kernel->handle(Object(Symfony\Component\Console\Input\ArgvInput), Object(Symfony\Component\Console\Output\ConsoleOutput))
#3 {main}  
[2018-03-18 12:51:56] production.ERROR: Symfony\Component\Debug\Exception\FatalThrowableError: Class 'Artisan' not found in /Users/slavo/Code/CodeTutor/routes/console.php:16
Stack trace:
#0 /Users/slavo/Code/CodeTutor/app/Console/Kernel.php(39): require()
#1 /Users/slavo/Code/CodeTutor/vendor/laravel/framework/src/Illuminate/Foundation/Console/Kernel.php(117): App\Console\Kernel->commands()
#2 /Users/slavo/Code/CodeTutor/artisan(35): Illuminate\Foundation\Console\Kernel->handle(Object(Symfony\Component\Console\Input\ArgvInput), Object(Symfony\Component\Console\Output\ConsoleOutput))
#3 {main}  
[2018-03-18 12:52:44] production.ERROR: Symfony\Component\Debug\Exception\FatalThrowableError: Class 'Artisan' not found in /Users/slavo/Code/CodeTutor/routes/console.php:16
Stack trace:
#0 /Users/slavo/Code/CodeTutor/app/Console/Kernel.php(39): require()
#1 /Users/slavo/Code/CodeTutor/vendor/laravel/framework/src/Illuminate/Foundation/Console/Kernel.php(117): App\Console\Kernel->commands()
#2 /Users/slavo/Code/CodeTutor/artisan(35): Illuminate\Foundation\Console\Kernel->handle(Object(Symfony\Component\Console\Input\ArgvInput), Object(Symfony\Component\Console\Output\ConsoleOutput))
#3 {main}  
[2018-03-18 12:53:43] production.ERROR: Symfony\Component\Debug\Exception\FatalThrowableError: Call to a member function enableHttpMethodParameterOverride() on null in /Users/slavo/Code/codetutor/vendor/laravel/framework/src/Illuminate/Foundation/Http/Kernel.php:114
Stack trace:
#0 /Users/slavo/Code/codetutor/public/index.php(53): Illuminate\Foundation\Http\Kernel->handle(NULL)
#1 /Users/slavo/.composer/vendor/laravel/valet/server.php(147): require('/Users/slavo/Co...')
#2 {main}  
[2018-03-18 12:53:49] production.ERROR: Symfony\Component\Debug\Exception\FatalThrowableError: Call to a member function enableHttpMethodParameterOverride() on null in /Users/slavo/Code/codetutor/vendor/laravel/framework/src/Illuminate/Foundation/Http/Kernel.php:114
Stack trace:
#0 /Users/slavo/Code/codetutor/public/index.php(53): Illuminate\Foundation\Http\Kernel->handle(NULL)
#1 /Users/slavo/.composer/vendor/laravel/valet/server.php(147): require('/Users/slavo/Co...')
#2 {main}  
