[2018-04-17 00:08:31] local.ERROR: Call to a member function getAction() on null {"exception":"[object] (Symfony\\Component\\Debug\\Exception\\FatalThrowableError(code: 0): Call to a member function getAction() on null at /Users/slavo/Code/codetutor/app/Providers/AppServiceProvider.php:20)
[stacktrace]
#0 /Users/slavo/Code/codetutor/vendor/laravel/framework/src/Illuminate/View/Concerns/ManagesEvents.php(164): App\\Providers\\AppServiceProvider->App\\Providers\\{closure}(Object(Illuminate\\View\\View))
#1 /Users/slavo/Code/codetutor/vendor/laravel/framework/src/Illuminate/Events/Dispatcher.php(347): Illuminate\\View\\Factory->Illuminate\\View\\Concerns\\{closure}('composing: erro...', Array)
#2 /Users/slavo/Code/codetutor/vendor/laravel/framework/src/Illuminate/Events/Dispatcher.php(200): Illuminate\\Events\\Dispatcher->Illuminate\\Events\\{closure}('composing: erro...', Array)
#3 /Users/slavo/Code/codetutor/vendor/laravel/framework/src/Illuminate/View/Concerns/ManagesEvents.php(179): Illuminate\\Events\\Dispatcher->dispatch('composing: erro...', Array)
#4 /Users/slavo/Code/codetutor/vendor/laravel/framework/src/Illuminate/View/View.php(118): Illuminate\\View\\Factory->callComposer(Object(Illuminate\\View\\View))
#5 /Users/slavo/Code/codetutor/vendor/laravel/framework/src/Illuminate/View/View.php(85): Illuminate\\View\\View->renderContents()
#6 /Users/slavo/Code/codetutor/vendor/laravel/framework/src/Illuminate/Http/Response.php(42): Illuminate\\View\\View->render()
#7 /Users/slavo/Code/codetutor/vendor/symfony/http-foundation/Response.php(200): Illuminate\\Http\\Response->setContent(Object(Illuminate\\View\\View))
#8 /Users/slavo/Code/codetutor/vendor/laravel/framework/src/Illuminate/Routing/ResponseFactory.php(55): Symfony\\Component\\HttpFoundation\\Response->__construct(Object(Illuminate\\View\\View), 404, Array)
#9 /Users/slavo/Code/codetutor/vendor/laravel/framework/src/Illuminate/Routing/ResponseFactory.php(69): Illuminate\\Routing\\ResponseFactory->make(Object(Illuminate\\View\\View), 404, Array)
#10 /Users/slavo/Code/codetutor/vendor/laravel/framework/src/Illuminate/Foundation/Exceptions/Handler.php(403): Illuminate\\Routing\\ResponseFactory->view('errors::404', Array, 404, Array)
#11 /Users/slavo/Code/codetutor/vendor/laravel/framework/src/Illuminate/Foundation/Exceptions/Handler.php(295): Illuminate\\Foundation\\Exceptions\\Handler->renderHttpException(Object(Symfony\\Component\\HttpKernel\\Exception\\NotFoundHttpException))
#12 /Users/slavo/Code/codetutor/vendor/laravel/framework/src/Illuminate/Foundation/Exceptions/Handler.php(187): Illuminate\\Foundation\\Exceptions\\Handler->prepareResponse(Object(Illuminate\\Http\\Request), Object(Symfony\\Component\\HttpKernel\\Exception\\NotFoundHttpException))
#13 /Users/slavo/Code/codetutor/app/Exceptions/Handler.php(49): Illuminate\\Foundation\\Exceptions\\Handler->render(Object(Illuminate\\Http\\Request), Object(Symfony\\Component\\HttpKernel\\Exception\\NotFoundHttpException))
#14 /Users/slavo/Code/codetutor/vendor/laravel/framework/src/Illuminate/Routing/Pipeline.php(83): App\\Exceptions\\Handler->render(Object(Illuminate\\Http\\Request), Object(Symfony\\Component\\HttpKernel\\Exception\\NotFoundHttpException))
#15 /Users/slavo/Code/codetutor/vendor/laravel/framework/src/Illuminate/Routing/Pipeline.php(32): Illuminate\\Routing\\Pipeline->handleException(Object(Illuminate\\Http\\Request), Object(Symfony\\Component\\HttpKernel\\Exception\\NotFoundHttpException))
#16 /Users/slavo/Code/codetutor/vendor/laravel/framework/src/Illuminate/Foundation/Http/Middleware/CheckForMaintenanceMode.php(46): Illuminate\\Routing\\Pipeline->Illuminate\\Routing\\{closure}(Object(Illuminate\\Http\\Request))
#17 /Users/slavo/Code/codetutor/vendor/laravel/framework/src/Illuminate/Pipeline/Pipeline.php(149): Illuminate\\Foundation\\Http\\Middleware\\CheckForMaintenanceMode->handle(Object(Illuminate\\Http\\Request), Object(Closure))
#18 /Users/slavo/Code/codetutor/vendor/laravel/framework/src/Illuminate/Routing/Pipeline.php(53): Illuminate\\Pipeline\\Pipeline->Illuminate\\Pipeline\\{closure}(Object(Illuminate\\Http\\Request))
#19 /Users/slavo/Code/codetutor/vendor/laravel/framework/src/Illuminate/Pipeline/Pipeline.php(102): Illuminate\\Routing\\Pipeline->Illuminate\\Routing\\{closure}(Object(Illuminate\\Http\\Request))
#20 /Users/slavo/Code/codetutor/vendor/laravel/framework/src/Illuminate/Foundation/Http/Kernel.php(151): Illuminate\\Pipeline\\Pipeline->then(Object(Closure))
#21 /Users/slavo/Code/codetutor/vendor/laravel/framework/src/Illuminate/Foundation/Http/Kernel.php(116): Illuminate\\Foundation\\Http\\Kernel->sendRequestThroughRouter(Object(Illuminate\\Http\\Request))
#22 /Users/slavo/Code/codetutor/public/index.php(55): Illuminate\\Foundation\\Http\\Kernel->handle(Object(Illuminate\\Http\\Request))
#23 /Users/slavo/.composer/vendor/laravel/valet/server.php(147): require('/Users/slavo/Co...')
#24 {main}
"} 
[2018-04-17 00:10:40] local.ERROR: Parse error: syntax error, unexpected 'endforeach' (T_ENDFOREACH) (View: /Users/slavo/Code/codetutor/resources/views/articles/index.blade.php) {"exception":"[object] (ErrorException(code: 0): Parse error: syntax error, unexpected 'endforeach' (T_ENDFOREACH) (View: /Users/slavo/Code/codetutor/resources/views/articles/index.blade.php) at /Users/slavo/Code/codetutor/storage/framework/views/12e55e23119cc6f72be787fa92b6a1339667f555.php:48, Symfony\\Component\\Debug\\Exception\\FatalThrowableError(code: 0): Parse error: syntax error, unexpected 'endforeach' (T_ENDFOREACH) at /Users/slavo/Code/codetutor/storage/framework/views/12e55e23119cc6f72be787fa92b6a1339667f555.php:48)
[stacktrace]
#0 /Users/slavo/Code/codetutor/vendor/laravel/framework/src/Illuminate/View/Engines/PhpEngine.php(47): Illuminate\\View\\Engines\\CompilerEngine->handleViewException(Object(Symfony\\Component\\Debug\\Exception\\FatalThrowableError), 1)
#1 /Users/slavo/Code/codetutor/vendor/laravel/framework/src/Illuminate/View/Engines/CompilerEngine.php(59): Illuminate\\View\\Engines\\PhpEngine->evaluatePath('/Users/slavo/Co...', Array)
#2 /Users/slavo/Code/codetutor/vendor/laravel/framework/src/Illuminate/View/View.php(137): Illuminate\\View\\Engines\\CompilerEngine->get('/Users/slavo/Co...', Array)
#3 /Users/slavo/Code/codetutor/vendor/laravel/framework/src/Illuminate/View/View.php(120): Illuminate\\View\\View->getContents()
#4 /Users/slavo/Code/codetutor/vendor/laravel/framework/src/Illuminate/View/View.php(85): Illuminate\\View\\View->renderContents()
#5 /Users/slavo/Code/codetutor/vendor/laravel/framework/src/Illuminate/Http/Response.php(42): Illuminate\\View\\View->render()
#6 /Users/slavo/Code/codetutor/vendor/symfony/http-foundation/Response.php(200): Illuminate\\Http\\Response->setContent(Object(Illuminate\\View\\View))
#7 /Users/slavo/Code/codetutor/vendor/laravel/framework/src/Illuminate/Routing/Router.php(724): Symfony\\Component\\HttpFoundation\\Response->__construct(Object(Illuminate\\View\\View))
#8 /Users/slavo/Code/codetutor/vendor/laravel/framework/src/Illuminate/Routing/Router.php(698): Illuminate\\Routing\\Router::toResponse(Object(Illuminate\\Http\\Request), Object(Illuminate\\View\\View))
#9 /Users/slavo/Code/codetutor/vendor/laravel/framework/src/Illuminate/Routing/Router.php(658): Illuminate\\Routing\\Router->prepareResponse(Object(Illuminate\\Http\\Request), Object(Illuminate\\View\\View))
#10 /Users/slavo/Code/codetutor/vendor/laravel/framework/src/Illuminate/Routing/Pipeline.php(30): Illuminate\\Routing\\Router->Illuminate\\Routing\\{closure}(Object(Illuminate\\Http\\Request))
#11 /Users/slavo/Code/codetutor/vendor/laravel/framework/src/Illuminate/Routing/Middleware/SubstituteBindings.php(41): Illuminate\\Routing\\Pipeline->Illuminate\\Routing\\{closure}(Object(Illuminate\\Http\\Request))
#12 /Users/slavo/Code/codetutor/vendor/laravel/framework/src/Illuminate/Pipeline/Pipeline.php(149): Illuminate\\Routing\\Middleware\\SubstituteBindings->handle(Object(Illuminate\\Http\\Request), Object(Closure))
#13 /Users/slavo/Code/codetutor/vendor/laravel/framework/src/Illuminate/Routing/Pipeline.php(53): Illuminate\\Pipeline\\Pipeline->Illuminate\\Pipeline\\{closure}(Object(Illuminate\\Http\\Request))
#14 /Users/slavo/Code/codetutor/vendor/laravel/framework/src/Illuminate/Foundation/Http/Middleware/VerifyCsrfToken.php(67): Illuminate\\Routing\\Pipeline->Illuminate\\Routing\\{closure}(Object(Illuminate\\Http\\Request))
#15 /Users/slavo/Code/codetutor/vendor/laravel/framework/src/Illuminate/Pipeline/Pipeline.php(149): Illuminate\\Foundation\\Http\\Middleware\\VerifyCsrfToken->handle(Object(Illuminate\\Http\\Request), Object(Closure))
#16 /Users/slavo/Code/codetutor/vendor/laravel/framework/src/Illuminate/Routing/Pipeline.php(53): Illuminate\\Pipeline\\Pipeline->Illuminate\\Pipeline\\{closure}(Object(Illuminate\\Http\\Request))
#17 /Users/slavo/Code/codetutor/vendor/laravel/framework/src/Illuminate/View/Middleware/ShareErrorsFromSession.php(49): Illuminate\\Routing\\Pipeline->Illuminate\\Routing\\{closure}(Object(Illuminate\\Http\\Request))
#18 /Users/slavo/Code/codetutor/vendor/laravel/framework/src/Illuminate/Pipeline/Pipeline.php(149): Illuminate\\View\\Middleware\\ShareErrorsFromSession->handle(Object(Illuminate\\Http\\Request), Object(Closure))
#19 /Users/slavo/Code/codetutor/vendor/laravel/framework/src/Illuminate/Routing/Pipeline.php(53): Illuminate\\Pipeline\\Pipeline->Illuminate\\Pipeline\\{closure}(Object(Illuminate\\Http\\Request))
#20 /Users/slavo/Code/codetutor/vendor/laravel/framework/src/Illuminate/Session/Middleware/StartSession.php(63): Illuminate\\Routing\\Pipeline->Illuminate\\Routing\\{closure}(Object(Illuminate\\Http\\Request))
#21 /Users/slavo/Code/codetutor/vendor/laravel/framework/src/Illuminate/Pipeline/Pipeline.php(149): Illuminate\\Session\\Middleware\\StartSession->handle(Object(Illuminate\\Http\\Request), Object(Closure))
#22 /Users/slavo/Code/codetutor/vendor/laravel/framework/src/Illuminate/Routing/Pipeline.php(53): Illuminate\\Pipeline\\Pipeline->Illuminate\\Pipeline\\{closure}(Object(Illuminate\\Http\\Request))
#23 /Users/slavo/Code/codetutor/vendor/laravel/framework/src/Illuminate/Cookie/Middleware/AddQueuedCookiesToResponse.php(37): Illuminate\\Routing\\Pipeline->Illuminate\\Routing\\{closure}(Object(Illuminate\\Http\\Request))
#24 /Users/slavo/Code/codetutor/vendor/laravel/framework/src/Illuminate/Pipeline/Pipeline.php(149): Illuminate\\Cookie\\Middleware\\AddQueuedCookiesToResponse->handle(Object(Illuminate\\Http\\Request), Object(Closure))
#25 /Users/slavo/Code/codetutor/vendor/laravel/framework/src/Illuminate/Routing/Pipeline.php(53): Illuminate\\Pipeline\\Pipeline->Illuminate\\Pipeline\\{closure}(Object(Illuminate\\Http\\Request))
#26 /Users/slavo/Code/codetutor/vendor/laravel/framework/src/Illuminate/Cookie/Middleware/EncryptCookies.php(59): Illuminate\\Routing\\Pipeline->Illuminate\\Routing\\{closure}(Object(Illuminate\\Http\\Request))
#27 /Users/slavo/Code/codetutor/vendor/laravel/framework/src/Illuminate/Pipeline/Pipeline.php(149): Illuminate\\Cookie\\Middleware\\EncryptCookies->handle(Object(Illuminate\\Http\\Request), Object(Closure))
#28 /Users/slavo/Code/codetutor/vendor/laravel/framework/src/Illuminate/Routing/Pipeline.php(53): Illuminate\\Pipeline\\Pipeline->Illuminate\\Pipeline\\{closure}(Object(Illuminate\\Http\\Request))
#29 /Users/slavo/Code/codetutor/vendor/laravel/framework/src/Illuminate/Pipeline/Pipeline.php(102): Illuminate\\Routing\\Pipeline->Illuminate\\Routing\\{closure}(Object(Illuminate\\Http\\Request))
#30 /Users/slavo/Code/codetutor/vendor/laravel/framework/src/Illuminate/Routing/Router.php(660): Illuminate\\Pipeline\\Pipeline->then(Object(Closure))
#31 /Users/slavo/Code/codetutor/vendor/laravel/framework/src/Illuminate/Routing/Router.php(635): Illuminate\\Routing\\Router->runRouteWithinStack(Object(Illuminate\\Routing\\Route), Object(Illuminate\\Http\\Request))
#32 /Users/slavo/Code/codetutor/vendor/laravel/framework/src/Illuminate/Routing/Router.php(601): Illuminate\\Routing\\Router->runRoute(Object(Illuminate\\Http\\Request), Object(Illuminate\\Routing\\Route))
#33 /Users/slavo/Code/codetutor/vendor/laravel/framework/src/Illuminate/Routing/Router.php(590): Illuminate\\Routing\\Router->dispatchToRoute(Object(Illuminate\\Http\\Request))
#34 /Users/slavo/Code/codetutor/vendor/laravel/framework/src/Illuminate/Foundation/Http/Kernel.php(176): Illuminate\\Routing\\Router->dispatch(Object(Illuminate\\Http\\Request))
#35 /Users/slavo/Code/codetutor/vendor/laravel/framework/src/Illuminate/Routing/Pipeline.php(30): Illuminate\\Foundation\\Http\\Kernel->Illuminate\\Foundation\\Http\\{closure}(Object(Illuminate\\Http\\Request))
#36 /Users/slavo/Code/codetutor/vendor/laravel/framework/src/Illuminate/Foundation/Http/Middleware/CheckForMaintenanceMode.php(46): Illuminate\\Routing\\Pipeline->Illuminate\\Routing\\{closure}(Object(Illuminate\\Http\\Request))
#37 /Users/slavo/Code/codetutor/vendor/laravel/framework/src/Illuminate/Pipeline/Pipeline.php(149): Illuminate\\Foundation\\Http\\Middleware\\CheckForMaintenanceMode->handle(Object(Illuminate\\Http\\Request), Object(Closure))
#38 /Users/slavo/Code/codetutor/vendor/laravel/framework/src/Illuminate/Routing/Pipeline.php(53): Illuminate\\Pipeline\\Pipeline->Illuminate\\Pipeline\\{closure}(Object(Illuminate\\Http\\Request))
#39 /Users/slavo/Code/codetutor/vendor/laravel/framework/src/Illuminate/Pipeline/Pipeline.php(102): Illuminate\\Routing\\Pipeline->Illuminate\\Routing\\{closure}(Object(Illuminate\\Http\\Request))
#40 /Users/slavo/Code/codetutor/vendor/laravel/framework/src/Illuminate/Foundation/Http/Kernel.php(151): Illuminate\\Pipeline\\Pipeline->then(Object(Closure))
#41 /Users/slavo/Code/codetutor/vendor/laravel/framework/src/Illuminate/Foundation/Http/Kernel.php(116): Illuminate\\Foundation\\Http\\Kernel->sendRequestThroughRouter(Object(Illuminate\\Http\\Request))
#42 /Users/slavo/Code/codetutor/public/index.php(55): Illuminate\\Foundation\\Http\\Kernel->handle(Object(Illuminate\\Http\\Request))
#43 /Users/slavo/.composer/vendor/laravel/valet/server.php(147): require('/Users/slavo/Co...')
#44 {main}
"} 
[2018-04-17 00:12:40] local.ERROR: Call to a member function getAction() on null {"exception":"[object] (Symfony\\Component\\Debug\\Exception\\FatalThrowableError(code: 0): Call to a member function getAction() on null at /Users/slavo/Code/codetutor/app/Providers/AppServiceProvider.php:20)
[stacktrace]
#0 /Users/slavo/Code/codetutor/vendor/laravel/framework/src/Illuminate/View/Concerns/ManagesEvents.php(164): App\\Providers\\AppServiceProvider->App\\Providers\\{closure}(Object(Illuminate\\View\\View))
#1 /Users/slavo/Code/codetutor/vendor/laravel/framework/src/Illuminate/Events/Dispatcher.php(347): Illuminate\\View\\Factory->Illuminate\\View\\Concerns\\{closure}('composing: erro...', Array)
#2 /Users/slavo/Code/codetutor/vendor/laravel/framework/src/Illuminate/Events/Dispatcher.php(200): Illuminate\\Events\\Dispatcher->Illuminate\\Events\\{closure}('composing: erro...', Array)
#3 /Users/slavo/Code/codetutor/vendor/laravel/framework/src/Illuminate/View/Concerns/ManagesEvents.php(179): Illuminate\\Events\\Dispatcher->dispatch('composing: erro...', Array)
#4 /Users/slavo/Code/codetutor/vendor/laravel/framework/src/Illuminate/View/View.php(118): Illuminate\\View\\Factory->callComposer(Object(Illuminate\\View\\View))
#5 /Users/slavo/Code/codetutor/vendor/laravel/framework/src/Illuminate/View/View.php(85): Illuminate\\View\\View->renderContents()
#6 /Users/slavo/Code/codetutor/vendor/laravel/framework/src/Illuminate/Http/Response.php(42): Illuminate\\View\\View->render()
#7 /Users/slavo/Code/codetutor/vendor/symfony/http-foundation/Response.php(200): Illuminate\\Http\\Response->setContent(Object(Illuminate\\View\\View))
#8 /Users/slavo/Code/codetutor/vendor/laravel/framework/src/Illuminate/Routing/ResponseFactory.php(55): Symfony\\Component\\HttpFoundation\\Response->__construct(Object(Illuminate\\View\\View), 404, Array)
#9 /Users/slavo/Code/codetutor/vendor/laravel/framework/src/Illuminate/Routing/ResponseFactory.php(69): Illuminate\\Routing\\ResponseFactory->make(Object(Illuminate\\View\\View), 404, Array)
#10 /Users/slavo/Code/codetutor/vendor/laravel/framework/src/Illuminate/Foundation/Exceptions/Handler.php(403): Illuminate\\Routing\\ResponseFactory->view('errors::404', Array, 404, Array)
#11 /Users/slavo/Code/codetutor/vendor/laravel/framework/src/Illuminate/Foundation/Exceptions/Handler.php(295): Illuminate\\Foundation\\Exceptions\\Handler->renderHttpException(Object(Symfony\\Component\\HttpKernel\\Exception\\NotFoundHttpException))
#12 /Users/slavo/Code/codetutor/vendor/laravel/framework/src/Illuminate/Foundation/Exceptions/Handler.php(187): Illuminate\\Foundation\\Exceptions\\Handler->prepareResponse(Object(Illuminate\\Http\\Request), Object(Symfony\\Component\\HttpKernel\\Exception\\NotFoundHttpException))
#13 /Users/slavo/Code/codetutor/app/Exceptions/Handler.php(49): Illuminate\\Foundation\\Exceptions\\Handler->render(Object(Illuminate\\Http\\Request), Object(Symfony\\Component\\HttpKernel\\Exception\\NotFoundHttpException))
#14 /Users/slavo/Code/codetutor/vendor/laravel/framework/src/Illuminate/Routing/Pipeline.php(83): App\\Exceptions\\Handler->render(Object(Illuminate\\Http\\Request), Object(Symfony\\Component\\HttpKernel\\Exception\\NotFoundHttpException))
#15 /Users/slavo/Code/codetutor/vendor/laravel/framework/src/Illuminate/Routing/Pipeline.php(32): Illuminate\\Routing\\Pipeline->handleException(Object(Illuminate\\Http\\Request), Object(Symfony\\Component\\HttpKernel\\Exception\\NotFoundHttpException))
#16 /Users/slavo/Code/codetutor/vendor/laravel/framework/src/Illuminate/Foundation/Http/Middleware/CheckForMaintenanceMode.php(46): Illuminate\\Routing\\Pipeline->Illuminate\\Routing\\{closure}(Object(Illuminate\\Http\\Request))
#17 /Users/slavo/Code/codetutor/vendor/laravel/framework/src/Illuminate/Pipeline/Pipeline.php(149): Illuminate\\Foundation\\Http\\Middleware\\CheckForMaintenanceMode->handle(Object(Illuminate\\Http\\Request), Object(Closure))
#18 /Users/slavo/Code/codetutor/vendor/laravel/framework/src/Illuminate/Routing/Pipeline.php(53): Illuminate\\Pipeline\\Pipeline->Illuminate\\Pipeline\\{closure}(Object(Illuminate\\Http\\Request))
#19 /Users/slavo/Code/codetutor/vendor/laravel/framework/src/Illuminate/Pipeline/Pipeline.php(102): Illuminate\\Routing\\Pipeline->Illuminate\\Routing\\{closure}(Object(Illuminate\\Http\\Request))
#20 /Users/slavo/Code/codetutor/vendor/laravel/framework/src/Illuminate/Foundation/Http/Kernel.php(151): Illuminate\\Pipeline\\Pipeline->then(Object(Closure))
#21 /Users/slavo/Code/codetutor/vendor/laravel/framework/src/Illuminate/Foundation/Http/Kernel.php(116): Illuminate\\Foundation\\Http\\Kernel->sendRequestThroughRouter(Object(Illuminate\\Http\\Request))
#22 /Users/slavo/Code/codetutor/public/index.php(55): Illuminate\\Foundation\\Http\\Kernel->handle(Object(Illuminate\\Http\\Request))
#23 /Users/slavo/.composer/vendor/laravel/valet/server.php(147): require('/Users/slavo/Co...')
#24 {main}
"} 
[2018-04-17 00:13:36] local.ERROR: Call to a member function getAction() on null {"exception":"[object] (Symfony\\Component\\Debug\\Exception\\FatalThrowableError(code: 0): Call to a member function getAction() on null at /Users/slavo/Code/codetutor/app/Providers/AppServiceProvider.php:20)
[stacktrace]
#0 /Users/slavo/Code/codetutor/vendor/laravel/framework/src/Illuminate/View/Concerns/ManagesEvents.php(164): App\\Providers\\AppServiceProvider->App\\Providers\\{closure}(Object(Illuminate\\View\\View))
#1 /Users/slavo/Code/codetutor/vendor/laravel/framework/src/Illuminate/Events/Dispatcher.php(347): Illuminate\\View\\Factory->Illuminate\\View\\Concerns\\{closure}('composing: erro...', Array)
#2 /Users/slavo/Code/codetutor/vendor/laravel/framework/src/Illuminate/Events/Dispatcher.php(200): Illuminate\\Events\\Dispatcher->Illuminate\\Events\\{closure}('composing: erro...', Array)
#3 /Users/slavo/Code/codetutor/vendor/laravel/framework/src/Illuminate/View/Concerns/ManagesEvents.php(179): Illuminate\\Events\\Dispatcher->dispatch('composing: erro...', Array)
#4 /Users/slavo/Code/codetutor/vendor/laravel/framework/src/Illuminate/View/View.php(118): Illuminate\\View\\Factory->callComposer(Object(Illuminate\\View\\View))
#5 /Users/slavo/Code/codetutor/vendor/laravel/framework/src/Illuminate/View/View.php(85): Illuminate\\View\\View->renderContents()
#6 /Users/slavo/Code/codetutor/vendor/laravel/framework/src/Illuminate/Http/Response.php(42): Illuminate\\View\\View->render()
#7 /Users/slavo/Code/codetutor/vendor/symfony/http-foundation/Response.php(200): Illuminate\\Http\\Response->setContent(Object(Illuminate\\View\\View))
#8 /Users/slavo/Code/codetutor/vendor/laravel/framework/src/Illuminate/Routing/ResponseFactory.php(55): Symfony\\Component\\HttpFoundation\\Response->__construct(Object(Illuminate\\View\\View), 404, Array)
#9 /Users/slavo/Code/codetutor/vendor/laravel/framework/src/Illuminate/Routing/ResponseFactory.php(69): Illuminate\\Routing\\ResponseFactory->make(Object(Illuminate\\View\\View), 404, Array)
#10 /Users/slavo/Code/codetutor/vendor/laravel/framework/src/Illuminate/Foundation/Exceptions/Handler.php(403): Illuminate\\Routing\\ResponseFactory->view('errors::404', Array, 404, Array)
#11 /Users/slavo/Code/codetutor/vendor/laravel/framework/src/Illuminate/Foundation/Exceptions/Handler.php(295): Illuminate\\Foundation\\Exceptions\\Handler->renderHttpException(Object(Symfony\\Component\\HttpKernel\\Exception\\NotFoundHttpException))
#12 /Users/slavo/Code/codetutor/vendor/laravel/framework/src/Illuminate/Foundation/Exceptions/Handler.php(187): Illuminate\\Foundation\\Exceptions\\Handler->prepareResponse(Object(Illuminate\\Http\\Request), Object(Symfony\\Component\\HttpKernel\\Exception\\NotFoundHttpException))
#13 /Users/slavo/Code/codetutor/app/Exceptions/Handler.php(49): Illuminate\\Foundation\\Exceptions\\Handler->render(Object(Illuminate\\Http\\Request), Object(Symfony\\Component\\HttpKernel\\Exception\\NotFoundHttpException))
#14 /Users/slavo/Code/codetutor/vendor/laravel/framework/src/Illuminate/Routing/Pipeline.php(83): App\\Exceptions\\Handler->render(Object(Illuminate\\Http\\Request), Object(Symfony\\Component\\HttpKernel\\Exception\\NotFoundHttpException))
#15 /Users/slavo/Code/codetutor/vendor/laravel/framework/src/Illuminate/Routing/Pipeline.php(32): Illuminate\\Routing\\Pipeline->handleException(Object(Illuminate\\Http\\Request), Object(Symfony\\Component\\HttpKernel\\Exception\\NotFoundHttpException))
#16 /Users/slavo/Code/codetutor/vendor/laravel/framework/src/Illuminate/Foundation/Http/Middleware/CheckForMaintenanceMode.php(46): Illuminate\\Routing\\Pipeline->Illuminate\\Routing\\{closure}(Object(Illuminate\\Http\\Request))
#17 /Users/slavo/Code/codetutor/vendor/laravel/framework/src/Illuminate/Pipeline/Pipeline.php(149): Illuminate\\Foundation\\Http\\Middleware\\CheckForMaintenanceMode->handle(Object(Illuminate\\Http\\Request), Object(Closure))
#18 /Users/slavo/Code/codetutor/vendor/laravel/framework/src/Illuminate/Routing/Pipeline.php(53): Illuminate\\Pipeline\\Pipeline->Illuminate\\Pipeline\\{closure}(Object(Illuminate\\Http\\Request))
#19 /Users/slavo/Code/codetutor/vendor/laravel/framework/src/Illuminate/Pipeline/Pipeline.php(102): Illuminate\\Routing\\Pipeline->Illuminate\\Routing\\{closure}(Object(Illuminate\\Http\\Request))
#20 /Users/slavo/Code/codetutor/vendor/laravel/framework/src/Illuminate/Foundation/Http/Kernel.php(151): Illuminate\\Pipeline\\Pipeline->then(Object(Closure))
#21 /Users/slavo/Code/codetutor/vendor/laravel/framework/src/Illuminate/Foundation/Http/Kernel.php(116): Illuminate\\Foundation\\Http\\Kernel->sendRequestThroughRouter(Object(Illuminate\\Http\\Request))
#22 /Users/slavo/Code/codetutor/public/index.php(55): Illuminate\\Foundation\\Http\\Kernel->handle(Object(Illuminate\\Http\\Request))
#23 /Users/slavo/.composer/vendor/laravel/valet/server.php(147): require('/Users/slavo/Co...')
#24 {main}
"} 
[2018-04-17 00:13:57] local.ERROR: Call to a member function getAction() on null {"exception":"[object] (Symfony\\Component\\Debug\\Exception\\FatalThrowableError(code: 0): Call to a member function getAction() on null at /Users/slavo/Code/codetutor/app/Providers/AppServiceProvider.php:20)
[stacktrace]
#0 /Users/slavo/Code/codetutor/vendor/laravel/framework/src/Illuminate/View/Concerns/ManagesEvents.php(164): App\\Providers\\AppServiceProvider->App\\Providers\\{closure}(Object(Illuminate\\View\\View))
#1 /Users/slavo/Code/codetutor/vendor/laravel/framework/src/Illuminate/Events/Dispatcher.php(347): Illuminate\\View\\Factory->Illuminate\\View\\Concerns\\{closure}('composing: erro...', Array)
#2 /Users/slavo/Code/codetutor/vendor/laravel/framework/src/Illuminate/Events/Dispatcher.php(200): Illuminate\\Events\\Dispatcher->Illuminate\\Events\\{closure}('composing: erro...', Array)
#3 /Users/slavo/Code/codetutor/vendor/laravel/framework/src/Illuminate/View/Concerns/ManagesEvents.php(179): Illuminate\\Events\\Dispatcher->dispatch('composing: erro...', Array)
#4 /Users/slavo/Code/codetutor/vendor/laravel/framework/src/Illuminate/View/View.php(118): Illuminate\\View\\Factory->callComposer(Object(Illuminate\\View\\View))
#5 /Users/slavo/Code/codetutor/vendor/laravel/framework/src/Illuminate/View/View.php(85): Illuminate\\View\\View->renderContents()
#6 /Users/slavo/Code/codetutor/vendor/laravel/framework/src/Illuminate/Http/Response.php(42): Illuminate\\View\\View->render()
#7 /Users/slavo/Code/codetutor/vendor/symfony/http-foundation/Response.php(200): Illuminate\\Http\\Response->setContent(Object(Illuminate\\View\\View))
#8 /Users/slavo/Code/codetutor/vendor/laravel/framework/src/Illuminate/Routing/ResponseFactory.php(55): Symfony\\Component\\HttpFoundation\\Response->__construct(Object(Illuminate\\View\\View), 404, Array)
#9 /Users/slavo/Code/codetutor/vendor/laravel/framework/src/Illuminate/Routing/ResponseFactory.php(69): Illuminate\\Routing\\ResponseFactory->make(Object(Illuminate\\View\\View), 404, Array)
#10 /Users/slavo/Code/codetutor/vendor/laravel/framework/src/Illuminate/Foundation/Exceptions/Handler.php(403): Illuminate\\Routing\\ResponseFactory->view('errors::404', Array, 404, Array)
#11 /Users/slavo/Code/codetutor/vendor/laravel/framework/src/Illuminate/Foundation/Exceptions/Handler.php(295): Illuminate\\Foundation\\Exceptions\\Handler->renderHttpException(Object(Symfony\\Component\\HttpKernel\\Exception\\NotFoundHttpException))
#12 /Users/slavo/Code/codetutor/vendor/laravel/framework/src/Illuminate/Foundation/Exceptions/Handler.php(187): Illuminate\\Foundation\\Exceptions\\Handler->prepareResponse(Object(Illuminate\\Http\\Request), Object(Symfony\\Component\\HttpKernel\\Exception\\NotFoundHttpException))
#13 /Users/slavo/Code/codetutor/app/Exceptions/Handler.php(49): Illuminate\\Foundation\\Exceptions\\Handler->render(Object(Illuminate\\Http\\Request), Object(Symfony\\Component\\HttpKernel\\Exception\\NotFoundHttpException))
#14 /Users/slavo/Code/codetutor/vendor/laravel/framework/src/Illuminate/Routing/Pipeline.php(83): App\\Exceptions\\Handler->render(Object(Illuminate\\Http\\Request), Object(Symfony\\Component\\HttpKernel\\Exception\\NotFoundHttpException))
#15 /Users/slavo/Code/codetutor/vendor/laravel/framework/src/Illuminate/Routing/Pipeline.php(32): Illuminate\\Routing\\Pipeline->handleException(Object(Illuminate\\Http\\Request), Object(Symfony\\Component\\HttpKernel\\Exception\\NotFoundHttpException))
#16 /Users/slavo/Code/codetutor/vendor/laravel/framework/src/Illuminate/Foundation/Http/Middleware/CheckForMaintenanceMode.php(46): Illuminate\\Routing\\Pipeline->Illuminate\\Routing\\{closure}(Object(Illuminate\\Http\\Request))
#17 /Users/slavo/Code/codetutor/vendor/laravel/framework/src/Illuminate/Pipeline/Pipeline.php(149): Illuminate\\Foundation\\Http\\Middleware\\CheckForMaintenanceMode->handle(Object(Illuminate\\Http\\Request), Object(Closure))
#18 /Users/slavo/Code/codetutor/vendor/laravel/framework/src/Illuminate/Routing/Pipeline.php(53): Illuminate\\Pipeline\\Pipeline->Illuminate\\Pipeline\\{closure}(Object(Illuminate\\Http\\Request))
#19 /Users/slavo/Code/codetutor/vendor/laravel/framework/src/Illuminate/Pipeline/Pipeline.php(102): Illuminate\\Routing\\Pipeline->Illuminate\\Routing\\{closure}(Object(Illuminate\\Http\\Request))
#20 /Users/slavo/Code/codetutor/vendor/laravel/framework/src/Illuminate/Foundation/Http/Kernel.php(151): Illuminate\\Pipeline\\Pipeline->then(Object(Closure))
#21 /Users/slavo/Code/codetutor/vendor/laravel/framework/src/Illuminate/Foundation/Http/Kernel.php(116): Illuminate\\Foundation\\Http\\Kernel->sendRequestThroughRouter(Object(Illuminate\\Http\\Request))
#22 /Users/slavo/Code/codetutor/public/index.php(55): Illuminate\\Foundation\\Http\\Kernel->handle(Object(Illuminate\\Http\\Request))
#23 /Users/slavo/.composer/vendor/laravel/valet/server.php(147): require('/Users/slavo/Co...')
#24 {main}
"} 
[2018-04-17 00:57:06] local.ERROR: Call to a member function getAction() on null {"exception":"[object] (Symfony\\Component\\Debug\\Exception\\FatalThrowableError(code: 0): Call to a member function getAction() on null at /Users/slavo/Code/codetutor/app/Providers/AppServiceProvider.php:20)
[stacktrace]
#0 /Users/slavo/Code/codetutor/vendor/laravel/framework/src/Illuminate/View/Concerns/ManagesEvents.php(164): App\\Providers\\AppServiceProvider->App\\Providers\\{closure}(Object(Illuminate\\View\\View))
#1 /Users/slavo/Code/codetutor/vendor/laravel/framework/src/Illuminate/Events/Dispatcher.php(347): Illuminate\\View\\Factory->Illuminate\\View\\Concerns\\{closure}('composing: erro...', Array)
#2 /Users/slavo/Code/codetutor/vendor/laravel/framework/src/Illuminate/Events/Dispatcher.php(200): Illuminate\\Events\\Dispatcher->Illuminate\\Events\\{closure}('composing: erro...', Array)
#3 /Users/slavo/Code/codetutor/vendor/laravel/framework/src/Illuminate/View/Concerns/ManagesEvents.php(179): Illuminate\\Events\\Dispatcher->dispatch('composing: erro...', Array)
#4 /Users/slavo/Code/codetutor/vendor/laravel/framework/src/Illuminate/View/View.php(118): Illuminate\\View\\Factory->callComposer(Object(Illuminate\\View\\View))
#5 /Users/slavo/Code/codetutor/vendor/laravel/framework/src/Illuminate/View/View.php(85): Illuminate\\View\\View->renderContents()
#6 /Users/slavo/Code/codetutor/vendor/laravel/framework/src/Illuminate/Http/Response.php(42): Illuminate\\View\\View->render()
#7 /Users/slavo/Code/codetutor/vendor/symfony/http-foundation/Response.php(200): Illuminate\\Http\\Response->setContent(Object(Illuminate\\View\\View))
#8 /Users/slavo/Code/codetutor/vendor/laravel/framework/src/Illuminate/Routing/ResponseFactory.php(55): Symfony\\Component\\HttpFoundation\\Response->__construct(Object(Illuminate\\View\\View), 404, Array)
#9 /Users/slavo/Code/codetutor/vendor/laravel/framework/src/Illuminate/Routing/ResponseFactory.php(69): Illuminate\\Routing\\ResponseFactory->make(Object(Illuminate\\View\\View), 404, Array)
#10 /Users/slavo/Code/codetutor/vendor/laravel/framework/src/Illuminate/Foundation/Exceptions/Handler.php(403): Illuminate\\Routing\\ResponseFactory->view('errors::404', Array, 404, Array)
#11 /Users/slavo/Code/codetutor/vendor/laravel/framework/src/Illuminate/Foundation/Exceptions/Handler.php(295): Illuminate\\Foundation\\Exceptions\\Handler->renderHttpException(Object(Symfony\\Component\\HttpKernel\\Exception\\NotFoundHttpException))
#12 /Users/slavo/Code/codetutor/vendor/laravel/framework/src/Illuminate/Foundation/Exceptions/Handler.php(187): Illuminate\\Foundation\\Exceptions\\Handler->prepareResponse(Object(Illuminate\\Http\\Request), Object(Symfony\\Component\\HttpKernel\\Exception\\NotFoundHttpException))
#13 /Users/slavo/Code/codetutor/app/Exceptions/Handler.php(49): Illuminate\\Foundation\\Exceptions\\Handler->render(Object(Illuminate\\Http\\Request), Object(Symfony\\Component\\HttpKernel\\Exception\\NotFoundHttpException))
#14 /Users/slavo/Code/codetutor/vendor/laravel/framework/src/Illuminate/Routing/Pipeline.php(83): App\\Exceptions\\Handler->render(Object(Illuminate\\Http\\Request), Object(Symfony\\Component\\HttpKernel\\Exception\\NotFoundHttpException))
#15 /Users/slavo/Code/codetutor/vendor/laravel/framework/src/Illuminate/Routing/Pipeline.php(32): Illuminate\\Routing\\Pipeline->handleException(Object(Illuminate\\Http\\Request), Object(Symfony\\Component\\HttpKernel\\Exception\\NotFoundHttpException))
#16 /Users/slavo/Code/codetutor/vendor/laravel/framework/src/Illuminate/Foundation/Http/Middleware/CheckForMaintenanceMode.php(46): Illuminate\\Routing\\Pipeline->Illuminate\\Routing\\{closure}(Object(Illuminate\\Http\\Request))
#17 /Users/slavo/Code/codetutor/vendor/laravel/framework/src/Illuminate/Pipeline/Pipeline.php(149): Illuminate\\Foundation\\Http\\Middleware\\CheckForMaintenanceMode->handle(Object(Illuminate\\Http\\Request), Object(Closure))
#18 /Users/slavo/Code/codetutor/vendor/laravel/framework/src/Illuminate/Routing/Pipeline.php(53): Illuminate\\Pipeline\\Pipeline->Illuminate\\Pipeline\\{closure}(Object(Illuminate\\Http\\Request))
#19 /Users/slavo/Code/codetutor/vendor/laravel/framework/src/Illuminate/Pipeline/Pipeline.php(102): Illuminate\\Routing\\Pipeline->Illuminate\\Routing\\{closure}(Object(Illuminate\\Http\\Request))
#20 /Users/slavo/Code/codetutor/vendor/laravel/framework/src/Illuminate/Foundation/Http/Kernel.php(151): Illuminate\\Pipeline\\Pipeline->then(Object(Closure))
#21 /Users/slavo/Code/codetutor/vendor/laravel/framework/src/Illuminate/Foundation/Http/Kernel.php(116): Illuminate\\Foundation\\Http\\Kernel->sendRequestThroughRouter(Object(Illuminate\\Http\\Request))
#22 /Users/slavo/Code/codetutor/public/index.php(55): Illuminate\\Foundation\\Http\\Kernel->handle(Object(Illuminate\\Http\\Request))
#23 /Users/slavo/.composer/vendor/laravel/valet/server.php(147): require('/Users/slavo/Co...')
#24 {main}
"} 
[2018-04-17 12:42:37] local.ERROR: Call to a member function getAction() on null {"exception":"[object] (Symfony\\Component\\Debug\\Exception\\FatalThrowableError(code: 0): Call to a member function getAction() on null at /Users/slavo/Code/codetutor/app/Providers/AppServiceProvider.php:20)
[stacktrace]
#0 /Users/slavo/Code/codetutor/vendor/laravel/framework/src/Illuminate/View/Concerns/ManagesEvents.php(164): App\\Providers\\AppServiceProvider->App\\Providers\\{closure}(Object(Illuminate\\View\\View))
#1 /Users/slavo/Code/codetutor/vendor/laravel/framework/src/Illuminate/Events/Dispatcher.php(347): Illuminate\\View\\Factory->Illuminate\\View\\Concerns\\{closure}('composing: erro...', Array)
#2 /Users/slavo/Code/codetutor/vendor/laravel/framework/src/Illuminate/Events/Dispatcher.php(200): Illuminate\\Events\\Dispatcher->Illuminate\\Events\\{closure}('composing: erro...', Array)
#3 /Users/slavo/Code/codetutor/vendor/laravel/framework/src/Illuminate/View/Concerns/ManagesEvents.php(179): Illuminate\\Events\\Dispatcher->dispatch('composing: erro...', Array)
#4 /Users/slavo/Code/codetutor/vendor/laravel/framework/src/Illuminate/View/View.php(118): Illuminate\\View\\Factory->callComposer(Object(Illuminate\\View\\View))
#5 /Users/slavo/Code/codetutor/vendor/laravel/framework/src/Illuminate/View/View.php(85): Illuminate\\View\\View->renderContents()
#6 /Users/slavo/Code/codetutor/vendor/laravel/framework/src/Illuminate/Http/Response.php(42): Illuminate\\View\\View->render()
#7 /Users/slavo/Code/codetutor/vendor/symfony/http-foundation/Response.php(200): Illuminate\\Http\\Response->setContent(Object(Illuminate\\View\\View))
#8 /Users/slavo/Code/codetutor/vendor/laravel/framework/src/Illuminate/Routing/ResponseFactory.php(55): Symfony\\Component\\HttpFoundation\\Response->__construct(Object(Illuminate\\View\\View), 404, Array)
#9 /Users/slavo/Code/codetutor/vendor/laravel/framework/src/Illuminate/Routing/ResponseFactory.php(69): Illuminate\\Routing\\ResponseFactory->make(Object(Illuminate\\View\\View), 404, Array)
#10 /Users/slavo/Code/codetutor/vendor/laravel/framework/src/Illuminate/Foundation/Exceptions/Handler.php(403): Illuminate\\Routing\\ResponseFactory->view('errors::404', Array, 404, Array)
#11 /Users/slavo/Code/codetutor/vendor/laravel/framework/src/Illuminate/Foundation/Exceptions/Handler.php(295): Illuminate\\Foundation\\Exceptions\\Handler->renderHttpException(Object(Symfony\\Component\\HttpKernel\\Exception\\NotFoundHttpException))
#12 /Users/slavo/Code/codetutor/vendor/laravel/framework/src/Illuminate/Foundation/Exceptions/Handler.php(187): Illuminate\\Foundation\\Exceptions\\Handler->prepareResponse(Object(Illuminate\\Http\\Request), Object(Symfony\\Component\\HttpKernel\\Exception\\NotFoundHttpException))
#13 /Users/slavo/Code/codetutor/app/Exceptions/Handler.php(49): Illuminate\\Foundation\\Exceptions\\Handler->render(Object(Illuminate\\Http\\Request), Object(Symfony\\Component\\HttpKernel\\Exception\\NotFoundHttpException))
#14 /Users/slavo/Code/codetutor/vendor/laravel/framework/src/Illuminate/Routing/Pipeline.php(83): App\\Exceptions\\Handler->render(Object(Illuminate\\Http\\Request), Object(Symfony\\Component\\HttpKernel\\Exception\\NotFoundHttpException))
#15 /Users/slavo/Code/codetutor/vendor/laravel/framework/src/Illuminate/Routing/Pipeline.php(32): Illuminate\\Routing\\Pipeline->handleException(Object(Illuminate\\Http\\Request), Object(Symfony\\Component\\HttpKernel\\Exception\\NotFoundHttpException))
#16 /Users/slavo/Code/codetutor/vendor/laravel/framework/src/Illuminate/Foundation/Http/Middleware/CheckForMaintenanceMode.php(46): Illuminate\\Routing\\Pipeline->Illuminate\\Routing\\{closure}(Object(Illuminate\\Http\\Request))
#17 /Users/slavo/Code/codetutor/vendor/laravel/framework/src/Illuminate/Pipeline/Pipeline.php(149): Illuminate\\Foundation\\Http\\Middleware\\CheckForMaintenanceMode->handle(Object(Illuminate\\Http\\Request), Object(Closure))
#18 /Users/slavo/Code/codetutor/vendor/laravel/framework/src/Illuminate/Routing/Pipeline.php(53): Illuminate\\Pipeline\\Pipeline->Illuminate\\Pipeline\\{closure}(Object(Illuminate\\Http\\Request))
#19 /Users/slavo/Code/codetutor/vendor/laravel/framework/src/Illuminate/Pipeline/Pipeline.php(102): Illuminate\\Routing\\Pipeline->Illuminate\\Routing\\{closure}(Object(Illuminate\\Http\\Request))
#20 /Users/slavo/Code/codetutor/vendor/laravel/framework/src/Illuminate/Foundation/Http/Kernel.php(151): Illuminate\\Pipeline\\Pipeline->then(Object(Closure))
#21 /Users/slavo/Code/codetutor/vendor/laravel/framework/src/Illuminate/Foundation/Http/Kernel.php(116): Illuminate\\Foundation\\Http\\Kernel->sendRequestThroughRouter(Object(Illuminate\\Http\\Request))
#22 /Users/slavo/Code/codetutor/public/index.php(55): Illuminate\\Foundation\\Http\\Kernel->handle(Object(Illuminate\\Http\\Request))
#23 /Users/slavo/.composer/vendor/laravel/valet/server.php(147): require('/Users/slavo/Co...')
#24 {main}
"} 
[2018-04-17 12:42:49] local.ERROR: Call to a member function getAction() on null {"exception":"[object] (Symfony\\Component\\Debug\\Exception\\FatalThrowableError(code: 0): Call to a member function getAction() on null at /Users/slavo/Code/codetutor/app/Providers/AppServiceProvider.php:20)
[stacktrace]
#0 /Users/slavo/Code/codetutor/vendor/laravel/framework/src/Illuminate/View/Concerns/ManagesEvents.php(164): App\\Providers\\AppServiceProvider->App\\Providers\\{closure}(Object(Illuminate\\View\\View))
#1 /Users/slavo/Code/codetutor/vendor/laravel/framework/src/Illuminate/Events/Dispatcher.php(347): Illuminate\\View\\Factory->Illuminate\\View\\Concerns\\{closure}('composing: erro...', Array)
#2 /Users/slavo/Code/codetutor/vendor/laravel/framework/src/Illuminate/Events/Dispatcher.php(200): Illuminate\\Events\\Dispatcher->Illuminate\\Events\\{closure}('composing: erro...', Array)
#3 /Users/slavo/Code/codetutor/vendor/laravel/framework/src/Illuminate/View/Concerns/ManagesEvents.php(179): Illuminate\\Events\\Dispatcher->dispatch('composing: erro...', Array)
#4 /Users/slavo/Code/codetutor/vendor/laravel/framework/src/Illuminate/View/View.php(118): Illuminate\\View\\Factory->callComposer(Object(Illuminate\\View\\View))
#5 /Users/slavo/Code/codetutor/vendor/laravel/framework/src/Illuminate/View/View.php(85): Illuminate\\View\\View->renderContents()
#6 /Users/slavo/Code/codetutor/vendor/laravel/framework/src/Illuminate/Http/Response.php(42): Illuminate\\View\\View->render()
#7 /Users/slavo/Code/codetutor/vendor/symfony/http-foundation/Response.php(200): Illuminate\\Http\\Response->setContent(Object(Illuminate\\View\\View))
#8 /Users/slavo/Code/codetutor/vendor/laravel/framework/src/Illuminate/Routing/ResponseFactory.php(55): Symfony\\Component\\HttpFoundation\\Response->__construct(Object(Illuminate\\View\\View), 404, Array)
#9 /Users/slavo/Code/codetutor/vendor/laravel/framework/src/Illuminate/Routing/ResponseFactory.php(69): Illuminate\\Routing\\ResponseFactory->make(Object(Illuminate\\View\\View), 404, Array)
#10 /Users/slavo/Code/codetutor/vendor/laravel/framework/src/Illuminate/Foundation/Exceptions/Handler.php(403): Illuminate\\Routing\\ResponseFactory->view('errors::404', Array, 404, Array)
#11 /Users/slavo/Code/codetutor/vendor/laravel/framework/src/Illuminate/Foundation/Exceptions/Handler.php(295): Illuminate\\Foundation\\Exceptions\\Handler->renderHttpException(Object(Symfony\\Component\\HttpKernel\\Exception\\NotFoundHttpException))
#12 /Users/slavo/Code/codetutor/vendor/laravel/framework/src/Illuminate/Foundation/Exceptions/Handler.php(187): Illuminate\\Foundation\\Exceptions\\Handler->prepareResponse(Object(Illuminate\\Http\\Request), Object(Symfony\\Component\\HttpKernel\\Exception\\NotFoundHttpException))
#13 /Users/slavo/Code/codetutor/app/Exceptions/Handler.php(49): Illuminate\\Foundation\\Exceptions\\Handler->render(Object(Illuminate\\Http\\Request), Object(Symfony\\Component\\HttpKernel\\Exception\\NotFoundHttpException))
#14 /Users/slavo/Code/codetutor/vendor/laravel/framework/src/Illuminate/Routing/Pipeline.php(83): App\\Exceptions\\Handler->render(Object(Illuminate\\Http\\Request), Object(Symfony\\Component\\HttpKernel\\Exception\\NotFoundHttpException))
#15 /Users/slavo/Code/codetutor/vendor/laravel/framework/src/Illuminate/Routing/Pipeline.php(32): Illuminate\\Routing\\Pipeline->handleException(Object(Illuminate\\Http\\Request), Object(Symfony\\Component\\HttpKernel\\Exception\\NotFoundHttpException))
#16 /Users/slavo/Code/codetutor/vendor/laravel/framework/src/Illuminate/Foundation/Http/Middleware/CheckForMaintenanceMode.php(46): Illuminate\\Routing\\Pipeline->Illuminate\\Routing\\{closure}(Object(Illuminate\\Http\\Request))
#17 /Users/slavo/Code/codetutor/vendor/laravel/framework/src/Illuminate/Pipeline/Pipeline.php(149): Illuminate\\Foundation\\Http\\Middleware\\CheckForMaintenanceMode->handle(Object(Illuminate\\Http\\Request), Object(Closure))
#18 /Users/slavo/Code/codetutor/vendor/laravel/framework/src/Illuminate/Routing/Pipeline.php(53): Illuminate\\Pipeline\\Pipeline->Illuminate\\Pipeline\\{closure}(Object(Illuminate\\Http\\Request))
#19 /Users/slavo/Code/codetutor/vendor/laravel/framework/src/Illuminate/Pipeline/Pipeline.php(102): Illuminate\\Routing\\Pipeline->Illuminate\\Routing\\{closure}(Object(Illuminate\\Http\\Request))
#20 /Users/slavo/Code/codetutor/vendor/laravel/framework/src/Illuminate/Foundation/Http/Kernel.php(151): Illuminate\\Pipeline\\Pipeline->then(Object(Closure))
#21 /Users/slavo/Code/codetutor/vendor/laravel/framework/src/Illuminate/Foundation/Http/Kernel.php(116): Illuminate\\Foundation\\Http\\Kernel->sendRequestThroughRouter(Object(Illuminate\\Http\\Request))
#22 /Users/slavo/Code/codetutor/public/index.php(55): Illuminate\\Foundation\\Http\\Kernel->handle(Object(Illuminate\\Http\\Request))
#23 /Users/slavo/.composer/vendor/laravel/valet/server.php(147): require('/Users/slavo/Co...')
#24 {main}
"} 
[2018-04-17 12:42:59] local.ERROR: Call to a member function getAction() on null {"exception":"[object] (Symfony\\Component\\Debug\\Exception\\FatalThrowableError(code: 0): Call to a member function getAction() on null at /Users/slavo/Code/codetutor/app/Providers/AppServiceProvider.php:20)
[stacktrace]
#0 /Users/slavo/Code/codetutor/vendor/laravel/framework/src/Illuminate/View/Concerns/ManagesEvents.php(164): App\\Providers\\AppServiceProvider->App\\Providers\\{closure}(Object(Illuminate\\View\\View))
#1 /Users/slavo/Code/codetutor/vendor/laravel/framework/src/Illuminate/Events/Dispatcher.php(347): Illuminate\\View\\Factory->Illuminate\\View\\Concerns\\{closure}('composing: erro...', Array)
#2 /Users/slavo/Code/codetutor/vendor/laravel/framework/src/Illuminate/Events/Dispatcher.php(200): Illuminate\\Events\\Dispatcher->Illuminate\\Events\\{closure}('composing: erro...', Array)
#3 /Users/slavo/Code/codetutor/vendor/laravel/framework/src/Illuminate/View/Concerns/ManagesEvents.php(179): Illuminate\\Events\\Dispatcher->dispatch('composing: erro...', Array)
#4 /Users/slavo/Code/codetutor/vendor/laravel/framework/src/Illuminate/View/View.php(118): Illuminate\\View\\Factory->callComposer(Object(Illuminate\\View\\View))
#5 /Users/slavo/Code/codetutor/vendor/laravel/framework/src/Illuminate/View/View.php(85): Illuminate\\View\\View->renderContents()
#6 /Users/slavo/Code/codetutor/vendor/laravel/framework/src/Illuminate/Http/Response.php(42): Illuminate\\View\\View->render()
#7 /Users/slavo/Code/codetutor/vendor/symfony/http-foundation/Response.php(200): Illuminate\\Http\\Response->setContent(Object(Illuminate\\View\\View))
#8 /Users/slavo/Code/codetutor/vendor/laravel/framework/src/Illuminate/Routing/ResponseFactory.php(55): Symfony\\Component\\HttpFoundation\\Response->__construct(Object(Illuminate\\View\\View), 404, Array)
#9 /Users/slavo/Code/codetutor/vendor/laravel/framework/src/Illuminate/Routing/ResponseFactory.php(69): Illuminate\\Routing\\ResponseFactory->make(Object(Illuminate\\View\\View), 404, Array)
#10 /Users/slavo/Code/codetutor/vendor/laravel/framework/src/Illuminate/Foundation/Exceptions/Handler.php(403): Illuminate\\Routing\\ResponseFactory->view('errors::404', Array, 404, Array)
#11 /Users/slavo/Code/codetutor/vendor/laravel/framework/src/Illuminate/Foundation/Exceptions/Handler.php(295): Illuminate\\Foundation\\Exceptions\\Handler->renderHttpException(Object(Symfony\\Component\\HttpKernel\\Exception\\NotFoundHttpException))
#12 /Users/slavo/Code/codetutor/vendor/laravel/framework/src/Illuminate/Foundation/Exceptions/Handler.php(187): Illuminate\\Foundation\\Exceptions\\Handler->prepareResponse(Object(Illuminate\\Http\\Request), Object(Symfony\\Component\\HttpKernel\\Exception\\NotFoundHttpException))
#13 /Users/slavo/Code/codetutor/app/Exceptions/Handler.php(49): Illuminate\\Foundation\\Exceptions\\Handler->render(Object(Illuminate\\Http\\Request), Object(Symfony\\Component\\HttpKernel\\Exception\\NotFoundHttpException))
#14 /Users/slavo/Code/codetutor/vendor/laravel/framework/src/Illuminate/Routing/Pipeline.php(83): App\\Exceptions\\Handler->render(Object(Illuminate\\Http\\Request), Object(Symfony\\Component\\HttpKernel\\Exception\\NotFoundHttpException))
#15 /Users/slavo/Code/codetutor/vendor/laravel/framework/src/Illuminate/Routing/Pipeline.php(32): Illuminate\\Routing\\Pipeline->handleException(Object(Illuminate\\Http\\Request), Object(Symfony\\Component\\HttpKernel\\Exception\\NotFoundHttpException))
#16 /Users/slavo/Code/codetutor/vendor/laravel/framework/src/Illuminate/Foundation/Http/Middleware/CheckForMaintenanceMode.php(46): Illuminate\\Routing\\Pipeline->Illuminate\\Routing\\{closure}(Object(Illuminate\\Http\\Request))
#17 /Users/slavo/Code/codetutor/vendor/laravel/framework/src/Illuminate/Pipeline/Pipeline.php(149): Illuminate\\Foundation\\Http\\Middleware\\CheckForMaintenanceMode->handle(Object(Illuminate\\Http\\Request), Object(Closure))
#18 /Users/slavo/Code/codetutor/vendor/laravel/framework/src/Illuminate/Routing/Pipeline.php(53): Illuminate\\Pipeline\\Pipeline->Illuminate\\Pipeline\\{closure}(Object(Illuminate\\Http\\Request))
#19 /Users/slavo/Code/codetutor/vendor/laravel/framework/src/Illuminate/Pipeline/Pipeline.php(102): Illuminate\\Routing\\Pipeline->Illuminate\\Routing\\{closure}(Object(Illuminate\\Http\\Request))
#20 /Users/slavo/Code/codetutor/vendor/laravel/framework/src/Illuminate/Foundation/Http/Kernel.php(151): Illuminate\\Pipeline\\Pipeline->then(Object(Closure))
#21 /Users/slavo/Code/codetutor/vendor/laravel/framework/src/Illuminate/Foundation/Http/Kernel.php(116): Illuminate\\Foundation\\Http\\Kernel->sendRequestThroughRouter(Object(Illuminate\\Http\\Request))
#22 /Users/slavo/Code/codetutor/public/index.php(55): Illuminate\\Foundation\\Http\\Kernel->handle(Object(Illuminate\\Http\\Request))
#23 /Users/slavo/.composer/vendor/laravel/valet/server.php(147): require('/Users/slavo/Co...')
#24 {main}
"} 
[2018-04-17 19:54:35] local.ERROR: Call to a member function getAction() on null {"exception":"[object] (Symfony\\Component\\Debug\\Exception\\FatalThrowableError(code: 0): Call to a member function getAction() on null at /Users/slavo/Code/codetutor/app/Providers/AppServiceProvider.php:20)
[stacktrace]
#0 /Users/slavo/Code/codetutor/vendor/laravel/framework/src/Illuminate/View/Concerns/ManagesEvents.php(164): App\\Providers\\AppServiceProvider->App\\Providers\\{closure}(Object(Illuminate\\View\\View))
#1 /Users/slavo/Code/codetutor/vendor/laravel/framework/src/Illuminate/Events/Dispatcher.php(347): Illuminate\\View\\Factory->Illuminate\\View\\Concerns\\{closure}('composing: erro...', Array)
#2 /Users/slavo/Code/codetutor/vendor/laravel/framework/src/Illuminate/Events/Dispatcher.php(200): Illuminate\\Events\\Dispatcher->Illuminate\\Events\\{closure}('composing: erro...', Array)
#3 /Users/slavo/Code/codetutor/vendor/laravel/framework/src/Illuminate/View/Concerns/ManagesEvents.php(179): Illuminate\\Events\\Dispatcher->dispatch('composing: erro...', Array)
#4 /Users/slavo/Code/codetutor/vendor/laravel/framework/src/Illuminate/View/View.php(118): Illuminate\\View\\Factory->callComposer(Object(Illuminate\\View\\View))
#5 /Users/slavo/Code/codetutor/vendor/laravel/framework/src/Illuminate/View/View.php(85): Illuminate\\View\\View->renderContents()
#6 /Users/slavo/Code/codetutor/vendor/laravel/framework/src/Illuminate/Http/Response.php(42): Illuminate\\View\\View->render()
#7 /Users/slavo/Code/codetutor/vendor/symfony/http-foundation/Response.php(200): Illuminate\\Http\\Response->setContent(Object(Illuminate\\View\\View))
#8 /Users/slavo/Code/codetutor/vendor/laravel/framework/src/Illuminate/Routing/ResponseFactory.php(55): Symfony\\Component\\HttpFoundation\\Response->__construct(Object(Illuminate\\View\\View), 404, Array)
#9 /Users/slavo/Code/codetutor/vendor/laravel/framework/src/Illuminate/Routing/ResponseFactory.php(69): Illuminate\\Routing\\ResponseFactory->make(Object(Illuminate\\View\\View), 404, Array)
#10 /Users/slavo/Code/codetutor/vendor/laravel/framework/src/Illuminate/Foundation/Exceptions/Handler.php(403): Illuminate\\Routing\\ResponseFactory->view('errors::404', Array, 404, Array)
#11 /Users/slavo/Code/codetutor/vendor/laravel/framework/src/Illuminate/Foundation/Exceptions/Handler.php(295): Illuminate\\Foundation\\Exceptions\\Handler->renderHttpException(Object(Symfony\\Component\\HttpKernel\\Exception\\NotFoundHttpException))
#12 /Users/slavo/Code/codetutor/vendor/laravel/framework/src/Illuminate/Foundation/Exceptions/Handler.php(187): Illuminate\\Foundation\\Exceptions\\Handler->prepareResponse(Object(Illuminate\\Http\\Request), Object(Symfony\\Component\\HttpKernel\\Exception\\NotFoundHttpException))
#13 /Users/slavo/Code/codetutor/app/Exceptions/Handler.php(49): Illuminate\\Foundation\\Exceptions\\Handler->render(Object(Illuminate\\Http\\Request), Object(Symfony\\Component\\HttpKernel\\Exception\\NotFoundHttpException))
#14 /Users/slavo/Code/codetutor/vendor/laravel/framework/src/Illuminate/Routing/Pipeline.php(83): App\\Exceptions\\Handler->render(Object(Illuminate\\Http\\Request), Object(Symfony\\Component\\HttpKernel\\Exception\\NotFoundHttpException))
#15 /Users/slavo/Code/codetutor/vendor/laravel/framework/src/Illuminate/Routing/Pipeline.php(32): Illuminate\\Routing\\Pipeline->handleException(Object(Illuminate\\Http\\Request), Object(Symfony\\Component\\HttpKernel\\Exception\\NotFoundHttpException))
#16 /Users/slavo/Code/codetutor/vendor/laravel/framework/src/Illuminate/Foundation/Http/Middleware/CheckForMaintenanceMode.php(46): Illuminate\\Routing\\Pipeline->Illuminate\\Routing\\{closure}(Object(Illuminate\\Http\\Request))
#17 /Users/slavo/Code/codetutor/vendor/laravel/framework/src/Illuminate/Pipeline/Pipeline.php(149): Illuminate\\Foundation\\Http\\Middleware\\CheckForMaintenanceMode->handle(Object(Illuminate\\Http\\Request), Object(Closure))
#18 /Users/slavo/Code/codetutor/vendor/laravel/framework/src/Illuminate/Routing/Pipeline.php(53): Illuminate\\Pipeline\\Pipeline->Illuminate\\Pipeline\\{closure}(Object(Illuminate\\Http\\Request))
#19 /Users/slavo/Code/codetutor/vendor/laravel/framework/src/Illuminate/Pipeline/Pipeline.php(102): Illuminate\\Routing\\Pipeline->Illuminate\\Routing\\{closure}(Object(Illuminate\\Http\\Request))
#20 /Users/slavo/Code/codetutor/vendor/laravel/framework/src/Illuminate/Foundation/Http/Kernel.php(151): Illuminate\\Pipeline\\Pipeline->then(Object(Closure))
#21 /Users/slavo/Code/codetutor/vendor/laravel/framework/src/Illuminate/Foundation/Http/Kernel.php(116): Illuminate\\Foundation\\Http\\Kernel->sendRequestThroughRouter(Object(Illuminate\\Http\\Request))
#22 /Users/slavo/Code/codetutor/public/index.php(55): Illuminate\\Foundation\\Http\\Kernel->handle(Object(Illuminate\\Http\\Request))
#23 /Users/slavo/.composer/vendor/laravel/valet/server.php(147): require('/Users/slavo/Co...')
#24 {main}
"} 
