[2018-03-05 23:47:46] production.ERROR: RuntimeException: The only supported ciphers are AES-128-CBC and AES-256-CBC with the correct key lengths. in /var/www/CodeTutor/vendor/laravel/framework/src/Illuminate/Encryption/Encrypter.php:43
Stack trace:
#0 /var/www/CodeTutor/vendor/laravel/framework/src/Illuminate/Encryption/EncryptionServiceProvider.php(27): Illuminate\Encryption\Encrypter->__construct('', 'AES-256-CBC')
#1 /var/www/CodeTutor/vendor/laravel/framework/src/Illuminate/Container/Container.php(726): Illuminate\Encryption\EncryptionServiceProvider->Illuminate\Encryption\{closure}(Object(Illuminate\Foundation\Application), Array)
#2 /var/www/CodeTutor/vendor/laravel/framework/src/Illuminate/Container/Container.php(608): Illuminate\Container\Container->build(Object(Closure))
#3 /var/www/CodeTutor/vendor/laravel/framework/src/Illuminate/Container/Container.php(575): Illuminate\Container\Container->resolve('encrypter')
#4 /var/www/CodeTutor/vendor/laravel/framework/src/Illuminate/Foundation/Application.php(728): Illuminate\Container\Container->make('encrypter')
#5 /var/www/CodeTutor/vendor/laravel/framework/src/Illuminate/Container/Container.php(862): Illuminate\Foundation\Application->make('encrypter')
#6 /var/www/CodeTutor/vendor/laravel/framework/src/Illuminate/Container/Container.php(790): Illuminate\Container\Container->resolveClass(Object(ReflectionParameter))
#7 /var/www/CodeTutor/vendor/laravel/framework/src/Illuminate/Container/Container.php(757): Illuminate\Container\Container->resolveDependencies(Array)
#8 /var/www/CodeTutor/vendor/laravel/framework/src/Illuminate/Container/Container.php(608): Illuminate\Container\Container->build('App\\Http\\Middle...')
#9 /var/www/CodeTutor/vendor/laravel/framework/src/Illuminate/Container/Container.php(575): Illuminate\Container\Container->resolve('App\\Http\\Middle...')
#10 /var/www/CodeTutor/vendor/laravel/framework/src/Illuminate/Foundation/Application.php(728): Illuminate\Container\Container->make('App\\Http\\Middle...')
#11 /var/www/CodeTutor/vendor/laravel/framework/src/Illuminate/Pipeline/Pipeline.php(138): Illuminate\Foundation\Application->make('App\\Http\\Middle...')
#12 /var/www/CodeTutor/vendor/laravel/framework/src/Illuminate/Routing/Pipeline.php(53): Illuminate\Pipeline\Pipeline->Illuminate\Pipeline\{closure}(Object(Illuminate\Http\Request))
#13 /var/www/CodeTutor/vendor/laravel/framework/src/Illuminate/Pipeline/Pipeline.php(102): Illuminate\Routing\Pipeline->Illuminate\Routing\{closure}(Object(Illuminate\Http\Request))
#14 /var/www/CodeTutor/vendor/laravel/framework/src/Illuminate/Routing/Router.php(576): Illuminate\Pipeline\Pipeline->then(Object(Closure))
#15 /var/www/CodeTutor/vendor/laravel/framework/src/Illuminate/Routing/Router.php(535): Illuminate\Routing\Router->runRouteWithinStack(Object(Illuminate\Routing\Route), Object(Illuminate\Http\Request))
#16 /var/www/CodeTutor/vendor/laravel/framework/src/Illuminate/Routing/Router.php(513): Illuminate\Routing\Router->dispatchToRoute(Object(Illuminate\Http\Request))
#17 /var/www/CodeTutor/vendor/laravel/framework/src/Illuminate/Foundation/Http/Kernel.php(176): Illuminate\Routing\Router->dispatch(Object(Illuminate\Http\Request))
#18 /var/www/CodeTutor/vendor/laravel/framework/src/Illuminate/Routing/Pipeline.php(30): Illuminate\Foundation\Http\Kernel->Illuminate\Foundation\Http\{closure}(Object(Illuminate\Http\Request))
#19 /var/www/CodeTutor/vendor/laravel/framework/src/Illuminate/Foundation/Http/Middleware/CheckForMaintenanceMode.php(46): Illuminate\Routing\Pipeline->Illuminate\Routing\{closure}(Object(Illuminate\Http\Request))
#20 /var/www/CodeTutor/vendor/laravel/framework/src/Illuminate/Pipeline/Pipeline.php(148): Illuminate\Foundation\Http\Middleware\CheckForMaintenanceMode->handle(Object(Illuminate\Http\Request), Object(Closure))
#21 /var/www/CodeTutor/vendor/laravel/framework/src/Illuminate/Routing/Pipeline.php(53): Illuminate\Pipeline\Pipeline->Illuminate\Pipeline\{closure}(Object(Illuminate\Http\Request))
#22 /var/www/CodeTutor/vendor/laravel/framework/src/Illuminate/Pipeline/Pipeline.php(102): Illuminate\Routing\Pipeline->Illuminate\Routing\{closure}(Object(Illuminate\Http\Request))
#23 /var/www/CodeTutor/vendor/laravel/framework/src/Illuminate/Foundation/Http/Kernel.php(151): Illuminate\Pipeline\Pipeline->then(Object(Closure))
#24 /var/www/CodeTutor/vendor/laravel/framework/src/Illuminate/Foundation/Http/Kernel.php(116): Illuminate\Foundation\Http\Kernel->sendRequestThroughRouter(Object(Illuminate\Http\Request))
#25 /var/www/CodeTutor/public/index.php(53): Illuminate\Foundation\Http\Kernel->handle(Object(Illuminate\Http\Request))
#26 {main}  
[2018-03-05 23:47:46] production.ERROR: RuntimeException: The only supported ciphers are AES-128-CBC and AES-256-CBC with the correct key lengths. in /var/www/CodeTutor/vendor/laravel/framework/src/Illuminate/Encryption/Encrypter.php:43
Stack trace:
#0 /var/www/CodeTutor/vendor/laravel/framework/src/Illuminate/Encryption/EncryptionServiceProvider.php(27): Illuminate\Encryption\Encrypter->__construct('', 'AES-256-CBC')
#1 /var/www/CodeTutor/vendor/laravel/framework/src/Illuminate/Container/Container.php(726): Illuminate\Encryption\EncryptionServiceProvider->Illuminate\Encryption\{closure}(Object(Illuminate\Foundation\Application), Array)
#2 /var/www/CodeTutor/vendor/laravel/framework/src/Illuminate/Container/Container.php(608): Illuminate\Container\Container->build(Object(Closure))
#3 /var/www/CodeTutor/vendor/laravel/framework/src/Illuminate/Container/Container.php(575): Illuminate\Container\Container->resolve('encrypter')
#4 /var/www/CodeTutor/vendor/laravel/framework/src/Illuminate/Foundation/Application.php(728): Illuminate\Container\Container->make('encrypter')
#5 /var/www/CodeTutor/vendor/laravel/framework/src/Illuminate/Container/Container.php(862): Illuminate\Foundation\Application->make('encrypter')
#6 /var/www/CodeTutor/vendor/laravel/framework/src/Illuminate/Container/Container.php(790): Illuminate\Container\Container->resolveClass(Object(ReflectionParameter))
#7 /var/www/CodeTutor/vendor/laravel/framework/src/Illuminate/Container/Container.php(757): Illuminate\Container\Container->resolveDependencies(Array)
#8 /var/www/CodeTutor/vendor/laravel/framework/src/Illuminate/Container/Container.php(608): Illuminate\Container\Container->build('App\\Http\\Middle...')
#9 /var/www/CodeTutor/vendor/laravel/framework/src/Illuminate/Container/Container.php(575): Illuminate\Container\Container->resolve('App\\Http\\Middle...')
#10 /var/www/CodeTutor/vendor/laravel/framework/src/Illuminate/Foundation/Application.php(728): Illuminate\Container\Container->make('App\\Http\\Middle...')
#11 /var/www/CodeTutor/vendor/laravel/framework/src/Illuminate/Foundation/Http/Kernel.php(215): Illuminate\Foundation\Application->make('App\\Http\\Middle...')
#12 /var/www/CodeTutor/vendor/laravel/framework/src/Illuminate/Foundation/Http/Kernel.php(189): Illuminate\Foundation\Http\Kernel->terminateMiddleware(Object(Illuminate\Http\Request), Object(Illuminate\Http\Response))
#13 /var/www/CodeTutor/public/index.php(58): Illuminate\Foundation\Http\Kernel->terminate(Object(Illuminate\Http\Request), Object(Illuminate\Http\Response))
#14 {main}  
